__main__: None -> <PyScript '__main__' /home/bjorn/anaconda/envs/seguid/lib/python2.7/site-packages/PyInstaller/loader/_pyi_bootstrap.py imports=[('sys', 0, 0, -1), ('os', 0, 0, -1), ('pyi_archive', 0, 0, -1), ('pyi_os_path', 0, 0, -1), ('site', 0, 0, -1), ('pyi_importers', 0, 0, -1), ('warnings', 0, 1, -1), ('encodings', 0, 0, -1)] binaries=[] datas=[]>
sys: None -> <BuiltinModule 'sys' None imports=[] binaries=[] datas=[]>
os: None -> <PyModule 'os' /home/bjorn/anaconda/envs/seguid/lib/python2.7/os.pyc imports=[('subprocess', 1, 0, -1), ('os.path.pardir', 0, 0, -1), ('copy_reg', 0, 0, -1), ('os.path.altsep', 0, 0, -1), ('os.path.devnull', 0, 0, -1), ('posix._exit', 0, 1, -1), ('posix', 0, 1, -1), ('os.path.extsep', 0, 0, -1), ('posix.*', 0, 1, -1), ('os.path.pathsep', 0, 0, -1), ('os.path', 0, 0, -1), ('warnings', 1, 0, -1), ('errno', 0, 0, -1), ('posixpath', 0, 1, -1), ('sys', 0, 0, -1), ('UserDict', 0, 1, -1), ('os.path.sep', 0, 0, -1), ('_emx_link', 0, 1, -1), ('os.path.defpath', 0, 0, -1), ('os2emxpath', 0, 1, -1), ('_emx_link.link', 0, 1, -1), ('os.path.curdir', 0, 0, -1)] binaries=[] datas=[]>
pyi_archive: None -> <PyModule 'pyi_archive' /home/bjorn/anaconda/envs/seguid/lib/python2.7/site-packages/PyInstaller/loader/pyi_archive.pyc imports=[('imp', 0, 0, -1), ('sys', 0, 0, -1), ('marshal', 0, 0, -1), ('os', 1, 1, -1), ('struct', 0, 0, -1), ('imp', 1, 0, -1)] binaries=[] datas=[]>
pyi_os_path: None -> <PyModule 'pyi_os_path' /home/bjorn/anaconda/envs/seguid/lib/python2.7/site-packages/PyInstaller/loader/pyi_os_path.pyc imports=[('sys', 0, 0, -1), ('posix.environ', 0, 1, -1), ('nt.listdir', 0, 1, -1), ('nt.environ', 0, 1, -1), ('posix', 0, 1, -1), ('posix.listdir', 0, 1, -1), ('nt', 0, 1, -1)] binaries=[] datas=[]>
site: None -> <PyModule 'site' /home/bjorn/anaconda/envs/seguid/lib/python2.7/site-packages/PyInstaller/fake/fake-site.pyc imports=[('pydoc', 1, 0, -1)] binaries=[] datas=[]>
pyi_importers: None -> <PyModule 'pyi_importers' /home/bjorn/anaconda/envs/seguid/lib/python2.7/site-packages/PyInstaller/loader/pyi_importers.pyc imports=[('pyi_archive.ZlibArchive', 0, 0, -1), ('imp', 0, 0, -1), ('sys', 0, 0, -1), ('pyi_archive.ArchiveReadError', 0, 0, -1), ('pyi_archive', 0, 0, -1), ('pyi_os_path', 0, 0, -1)] binaries=[] datas=[]>
warnings: None -> <PyModule 'warnings' /home/bjorn/anaconda/envs/seguid/lib/python2.7/warnings.pyc imports=[('linecache', 0, 0, -1), ('_warnings.default_action', 0, 0, -1), ('sys', 0, 0, -1), ('_warnings', 0, 0, -1), ('types', 0, 0, -1), ('_warnings.warn', 0, 0, -1), ('_warnings.once_registry', 0, 0, -1), ('_warnings.filters', 0, 0, -1), ('_warnings.warn_explicit', 0, 0, -1), ('re', 1, 0, -1)] binaries=[] datas=[]>
encodings: None -> <PkgModule 'encodings' /home/bjorn/anaconda/envs/seguid/lib/python2.7/encodings/__init__.pyc imports=[('encodings', 0, 0, -1), ('codecs', 0, 0, -1), ('encodings.aliases', 0, 0, -1), ('__builtin__', 0, 0, -1), ('encodings.cp858', 0, 0, -1), ('encodings.euc_kr', 0, 0, -1), ('encodings.cp861', 0, 0, -1), ('encodings.mac_latin2', 0, 0, -1), ('encodings.johab', 0, 0, -1), ('encodings.rot_13', 0, 0, -1), ('encodings.cp1257', 0, 0, -1), ('encodings.iso8859_10', 0, 0, -1), ('encodings.iso2022_jp_3', 0, 0, -1), ('encodings.cp949', 0, 0, -1), ('encodings.iso2022_kr', 0, 0, -1), ('encodings.cp875', 0, 0, -1), ('encodings.ascii', 0, 0, -1), ('encodings.gb18030', 0, 0, -1), ('encodings.hp_roman8', 0, 0, -1), ('encodings.cp856', 0, 0, -1), ('encodings.tis_620', 0, 0, -1), ('encodings.iso8859_1', 0, 0, -1), ('encodings.iso8859_9', 0, 0, -1), ('encodings.cp855', 0, 0, -1), ('encodings.cp424', 0, 0, -1), ('encodings.hz', 0, 0, -1), ('encodings.uu_codec', 0, 0, -1), ('encodings.mac_centeuro', 0, 0, -1), ('encodings.cp1255', 0, 0, -1), ('encodings.mac_arabic', 0, 0, -1), ('encodings.gb2312', 0, 0, -1), ('encodings.mbcs', 0, 0, -1), ('encodings.big5', 0, 0, -1), ('encodings.quopri_codec', 0, 0, -1), ('encodings.utf_32_be', 0, 0, -1), ('encodings.charmap', 0, 0, -1), ('encodings.cp1140', 0, 0, -1), ('encodings.iso8859_5', 0, 0, -1), ('encodings.utf_7', 0, 0, -1), ('encodings.iso2022_jp_2', 0, 0, -1), ('encodings.utf_16_be', 0, 0, -1), ('encodings.ptcp154', 0, 0, -1), ('encodings.cp775', 0, 0, -1), ('encodings.mac_greek', 0, 0, -1), ('encodings.mac_iceland', 0, 0, -1), ('encodings.cp737', 0, 0, -1), ('encodings.cp037', 0, 0, -1), ('encodings.cp500', 0, 0, -1), ('encodings.cp852', 0, 0, -1), ('encodings.base64_codec', 0, 0, -1), ('encodings.zlib_codec', 0, 0, -1), ('encodings.utf_8', 0, 0, -1), ('encodings.undefined', 0, 0, -1), ('encodings.gbk', 0, 0, -1), ('encodings.iso8859_14', 0, 0, -1), ('encodings.utf_32_le', 0, 0, -1), ('encodings.iso8859_8', 0, 0, -1), ('encodings.aliases', 0, 0, -1), ('encodings.mac_cyrillic', 0, 0, -1), ('encodings.utf_32', 0, 0, -1), ('encodings.iso8859_11', 0, 0, -1), ('encodings.mac_roman', 0, 0, -1), ('encodings.euc_jp', 0, 0, -1), ('encodings.mac_croatian', 0, 0, -1), ('encodings.cp1252', 0, 0, -1), ('encodings.euc_jis_2004', 0, 0, -1), ('encodings.mac_romanian', 0, 0, -1), ('encodings.cp863', 0, 0, -1), ('encodings.euc_jisx0213', 0, 0, -1), ('encodings.utf_16', 0, 0, -1), ('encodings.big5hkscs', 0, 0, -1), ('encodings.cp1250', 0, 0, -1), ('encodings.iso8859_13', 0, 0, -1), ('encodings.punycode', 0, 0, -1), ('encodings.cp857', 0, 0, -1), ('encodings.cp874', 0, 0, -1), ('encodings.iso2022_jp', 0, 0, -1), ('encodings.cp1006', 0, 0, -1), ('encodings.cp1256', 0, 0, -1), ('encodings.cp1258', 0, 0, -1), ('encodings.string_escape', 0, 0, -1), ('encodings.iso8859_6', 0, 0, -1), ('encodings.cp437', 0, 0, -1), ('encodings.utf_16_le', 0, 0, -1), ('encodings.idna', 0, 0, -1), ('encodings.cp1026', 0, 0, -1), ('encodings.cp950', 0, 0, -1), ('encodings.cp862', 0, 0, -1), ('encodings.koi8_r', 0, 0, -1), ('encodings.iso8859_3', 0, 0, -1), ('encodings.cp869', 0, 0, -1), ('encodings.iso8859_16', 0, 0, -1), ('encodings.iso8859_4', 0, 0, -1), ('encodings.cp866', 0, 0, -1), ('encodings.cp1254', 0, 0, -1), ('encodings.latin_1', 0, 0, -1), ('encodings.iso8859_7', 0, 0, -1), ('encodings.cp720', 0, 0, -1), ('encodings.mac_farsi', 0, 0, -1), ('encodings.utf_8_sig', 0, 0, -1), ('encodings.cp864', 0, 0, -1), ('encodings.raw_unicode_escape', 0, 0, -1), ('encodings.iso8859_15', 0, 0, -1), ('encodings.iso2022_jp_1', 0, 0, -1), ('encodings.cp850', 0, 0, -1), ('encodings.shift_jis_2004', 0, 0, -1), ('encodings.cp932', 0, 0, -1), ('encodings.cp860', 0, 0, -1), ('encodings.unicode_internal', 0, 0, -1), ('encodings.cp865', 0, 0, -1), ('encodings.iso8859_2', 0, 0, -1), ('encodings.iso2022_jp_2004', 0, 0, -1), ('encodings.mac_turkish', 0, 0, -1), ('encodings.bz2_codec', 0, 0, -1), ('encodings.cp1253', 0, 0, -1), ('encodings.cp1251', 0, 0, -1), ('encodings.palmos', 0, 0, -1), ('encodings.hex_codec', 0, 0, -1), ('encodings.unicode_escape', 0, 0, -1), ('encodings.iso2022_jp_ext', 0, 0, -1), ('encodings.shift_jisx0213', 0, 0, -1), ('encodings.shift_jis', 0, 0, -1), ('encodings.koi8_u', 0, 0, -1)] binaries=[] datas=[]>
subprocess: None -> <PyModule 'subprocess' /home/bjorn/anaconda/envs/seguid/lib/python2.7/subprocess.pyc imports=[('_subprocess.SW_HIDE', 0, 1, -1), ('gc', 0, 0, -1), ('_subprocess.STARTF_USESHOWWINDOW', 0, 1, -1), ('_subprocess', 0, 1, -1), ('sys', 0, 0, -1), ('_subprocess.STARTF_USESTDHANDLES', 0, 1, -1), ('types', 0, 0, -1), ('fcntl', 0, 1, -1), ('os', 0, 0, -1), ('threading', 0, 1, -1), ('_subprocess.STD_INPUT_HANDLE', 0, 1, -1), ('msvcrt', 0, 1, -1), ('_subprocess.CREATE_NEW_PROCESS_GROUP', 0, 1, -1), ('_subprocess.STD_OUTPUT_HANDLE', 0, 1, -1), ('traceback', 0, 0, -1), ('_subprocess.CREATE_NEW_CONSOLE', 0, 1, -1), ('errno', 0, 0, -1), ('signal', 0, 0, -1), ('pickle', 0, 1, -1), ('select', 0, 1, -1), ('_subprocess.STD_ERROR_HANDLE', 0, 1, -1)] binaries=[] datas=[]>
copy_reg: None -> <PyModule 'copy_reg' /home/bjorn/anaconda/envs/seguid/lib/python2.7/copy_reg.pyc imports=[('types.ClassType', 0, 0, -1), ('types', 0, 0, -1)] binaries=[] datas=[]>
posix: None -> <BuiltinModule 'posix' None imports=[] binaries=[] datas=[]>
errno: None -> <BuiltinModule 'errno' None imports=[] binaries=[] datas=[]>
posixpath: None -> <PyModule 'posixpath' /home/bjorn/anaconda/envs/seguid/lib/python2.7/posixpath.pyc imports=[('re', 1, 1, -1), ('pwd', 1, 1, -1), ('sys', 0, 0, -1), ('os', 0, 0, -1), ('warnings', 0, 0, -1), ('genericpath', 0, 0, -1), ('stat', 0, 0, -1), ('genericpath.*', 0, 0, -1)] binaries=[] datas=[]>
UserDict: None -> <PyModule 'UserDict' /home/bjorn/anaconda/envs/seguid/lib/python2.7/UserDict.pyc imports=[('_abcoll', 0, 0, -1), ('copy', 1, 0, -1)] binaries=[] datas=[]>
_emx_link: None -> None
  DEL _emx_link
os2emxpath: None -> <PyModule 'os2emxpath' /home/bjorn/anaconda/envs/seguid/lib/python2.7/os2emxpath.pyc imports=[('ntpath.splitdrive', 0, 0, -1), ('ntpath.walk', 0, 0, -1), ('os', 0, 0, -1), ('ntpath.splitext', 0, 0, -1), ('genericpath', 0, 0, -1), ('stat', 0, 0, -1), ('ntpath.isabs', 0, 0, -1), ('ntpath.split', 0, 0, -1), ('ntpath.islink', 0, 0, -1), ('ntpath.expanduser', 0, 0, -1), ('genericpath.*', 0, 0, -1), ('ntpath.expandvars', 0, 0, -1), ('ntpath', 0, 0, -1)] binaries=[] datas=[]>
_emx_link: None -> None
  DEL _emx_link
_subprocess: None -> None
  DEL _subprocess
gc: None -> <BuiltinModule 'gc' None imports=[] binaries=[] datas=[]>
_subprocess: None -> None
  DEL _subprocess
_subprocess: None -> None
  DEL _subprocess
_subprocess: None -> None
  DEL _subprocess
types: None -> <PyModule 'types' /home/bjorn/anaconda/envs/seguid/lib/python2.7/types.pyc imports=[('sys', 0, 0, -1)] binaries=[] datas=[]>
fcntl: None -> <ExtensionModule 'fcntl' /home/bjorn/anaconda/envs/seguid/lib/python2.7/lib-dynload/fcntl.so imports=[] binaries=[] datas=[]>
threading: None -> <PyModule 'threading' /home/bjorn/anaconda/envs/seguid/lib/python2.7/threading.pyc imports=[('collections.deque', 0, 0, -1), ('random.random', 1, 0, -1), ('itertools', 0, 0, -1), ('_threading_local.local', 0, 1, -1), ('sys', 0, 0, -1), ('collections', 0, 0, -1), ('thread._local', 0, 0, -1), ('traceback.format_exc', 0, 0, -1), ('warnings', 0, 0, -1), ('time.time', 0, 0, -1), ('thread', 0, 0, -1), ('thread.stack_size', 0, 0, -1), ('traceback', 0, 0, -1), ('time.sleep', 0, 0, -1), ('itertools.count', 0, 0, -1), ('random', 1, 0, -1), ('time', 0, 0, -1), ('_threading_local', 0, 1, -1)] binaries=[] datas=[]>
_subprocess: None -> None
  DEL _subprocess
msvcrt: None -> None
  DEL msvcrt
_subprocess: None -> None
  DEL _subprocess
_subprocess: None -> None
  DEL _subprocess
traceback: None -> <PyModule 'traceback' /home/bjorn/anaconda/envs/seguid/lib/python2.7/traceback.pyc imports=[('linecache', 0, 0, -1), ('sys', 0, 0, -1), ('types', 0, 0, -1)] binaries=[] datas=[]>
_subprocess: None -> None
  DEL _subprocess
signal: None -> <BuiltinModule 'signal' None imports=[] binaries=[] datas=[]>
pickle: None -> <PyModule 'pickle' /home/bjorn/anaconda/envs/seguid/lib/python2.7/pickle.pyc imports=[('re', 0, 0, -1), ('copy_reg.dispatch_table', 0, 0, -1), ('types.*', 0, 0, -1), ('marshal', 0, 0, -1), ('types', 0, 0, -1), ('StringIO.StringIO', 0, 1, -1), ('cStringIO.StringIO', 0, 0, -1), ('struct', 0, 0, -1), ('org.python.core', 0, 0, -1), ('copy_reg', 0, 0, -1), ('cStringIO', 0, 0, -1), ('copy_reg._extension_cache', 0, 0, -1), ('doctest', 1, 0, -1), ('StringIO', 0, 1, -1), ('copy_reg._inverted_registry', 0, 0, -1), ('binascii', 0, 0, -1), ('copy_reg._extension_registry', 0, 0, -1), ('org.python.core.PyStringMap', 0, 0, -1), ('sys', 0, 0, -1)] binaries=[] datas=[]>
select: None -> <ExtensionModule 'select' /home/bjorn/anaconda/envs/seguid/lib/python2.7/lib-dynload/select.so imports=[] binaries=[] datas=[]>
_subprocess: None -> None
  DEL _subprocess
collections: None -> <PyModule 'collections' /home/bjorn/anaconda/envs/seguid/lib/python2.7/collections.pyc imports=[('keyword.iskeyword', 0, 0, -1), ('cPickle.loads', 0, 1, -1), ('itertools.repeat', 0, 0, -1), ('cPickle.dumps', 0, 1, -1), ('_collections', 0, 0, -1), ('_abcoll.*', 0, 0, -1), ('itertools', 0, 0, -1), ('itertools.starmap', 0, 0, -1), ('sys', 0, 0, -1), ('cPickle', 0, 1, -1), ('doctest', 0, 1, -1), ('_collections.defaultdict', 0, 0, -1), ('heapq', 0, 0, -1), ('dummy_thread', 0, 1, -1), ('itertools.imap', 0, 0, -1), ('_abcoll', 0, 0, -1), ('operator.eq', 0, 0, -1), ('itertools.chain', 0, 0, -1), ('keyword', 0, 0, -1), ('thread', 0, 0, -1), ('operator.itemgetter', 0, 0, -1), ('dummy_thread.get_ident', 0, 1, -1), ('operator', 0, 0, -1), ('_collections.deque', 0, 0, -1), ('thread.get_ident', 0, 0, -1)] binaries=[] datas=[]>
random: None -> <PyModule 'random' /home/bjorn/anaconda/envs/seguid/lib/python2.7/random.pyc imports=[('os', 0, 0, -1), ('warnings', 0, 0, -1), ('__future__', 0, 0, -1), ('hashlib', 0, 0, -1), ('math.log', 0, 0, -1), ('math.cos', 0, 0, -1), ('time', 1, 1, -1), ('math.sin', 0, 0, -1), ('math.sqrt', 0, 0, -1), ('math', 0, 0, -1), ('__future__.division', 0, 0, -1), ('os.urandom', 0, 0, -1), ('binascii', 0, 0, -1), ('_random', 0, 0, -1), ('math.acos', 0, 0, -1), ('types', 0, 0, -1), ('types.BuiltinMethodType', 0, 0, -1), ('binascii.hexlify', 0, 0, -1), ('types.MethodType', 0, 0, -1), ('math.exp', 0, 0, -1), ('time', 1, 0, -1), ('math.pi', 0, 0, -1), ('math.e', 0, 0, -1), ('math.ceil', 0, 0, -1), ('warnings.warn', 0, 0, -1)] binaries=[] datas=[]>
itertools: None -> <ExtensionModule 'itertools' /home/bjorn/anaconda/envs/seguid/lib/python2.7/lib-dynload/itertools.so imports=[] binaries=[] datas=[]>
_threading_local: None -> <PyModule '_threading_local' /home/bjorn/anaconda/envs/seguid/lib/python2.7/_threading_local.pyc imports=[('threading.current_thread', 0, 0, -1), ('threading', 0, 0, -1), ('threading.RLock', 0, 0, -1), ('threading', 1, 0, -1)] binaries=[] datas=[]>
thread: None -> <BuiltinModule 'thread' None imports=[] binaries=[] datas=[]>
time: None -> <ExtensionModule 'time' /home/bjorn/anaconda/envs/seguid/lib/python2.7/lib-dynload/time.so imports=[('_strptime', 0, 0, -1)] binaries=[] datas=[]>
keyword: None -> <PyModule 'keyword' /home/bjorn/anaconda/envs/seguid/lib/python2.7/keyword.pyc imports=[('sys', 1, 0, -1), ('re', 1, 0, -1)] binaries=[] datas=[]>
cPickle: None -> <ExtensionModule 'cPickle' /home/bjorn/anaconda/envs/seguid/lib/python2.7/lib-dynload/cPickle.so imports=[('copy_reg', 0, 0, -1), ('types', 0, 0, -1), ('string', 0, 0, -1)] binaries=[] datas=[]>
_collections: None -> <ExtensionModule '_collections' /home/bjorn/anaconda/envs/seguid/lib/python2.7/lib-dynload/_collections.so imports=[] binaries=[] datas=[]>
_abcoll: None -> <PyModule '_abcoll' /home/bjorn/anaconda/envs/seguid/lib/python2.7/_abcoll.pyc imports=[('abc', 0, 0, -1), ('abc.abstractmethod', 0, 0, -1), ('abc.ABCMeta', 0, 0, -1), ('sys', 0, 0, -1)] binaries=[] datas=[]>
doctest: None -> <PyModule 'doctest' /home/bjorn/anaconda/envs/seguid/lib/python2.7/doctest.pyc imports=[('collections', 0, 0, -1), ('linecache', 0, 0, -1), ('StringIO', 0, 0, -1), ('sys', 0, 0, -1), ('pdb', 0, 0, -1), ('os', 0, 0, -1), ('StringIO.StringIO', 0, 0, -1), ('warnings', 0, 0, -1), ('re', 0, 0, -1), ('__future__', 0, 0, -1), ('inspect', 0, 0, -1), ('collections.namedtuple', 0, 0, -1), ('pdb', 1, 0, -1), ('difflib', 0, 0, -1), ('traceback', 0, 0, -1), ('types', 1, 0, -1), ('unittest', 0, 0, -1), ('tempfile', 0, 0, -1)] binaries=[] datas=[]>
heapq: None -> <PyModule 'heapq' /home/bjorn/anaconda/envs/seguid/lib/python2.7/heapq.pyc imports=[('operator.itemgetter', 0, 0, -1), ('itertools', 0, 0, -1), ('doctest', 0, 1, -1), ('operator', 0, 0, -1), ('itertools.chain', 0, 0, -1), ('itertools.tee', 0, 0, -1), ('itertools.islice', 0, 0, -1), ('itertools.izip', 0, 0, -1), ('_heapq', 0, 0, -1), ('itertools.count', 0, 0, -1), ('itertools.imap', 0, 0, -1), ('_heapq.*', 0, 0, -1)] binaries=[] datas=[]>
dummy_thread: None -> <PyModule 'dummy_thread' /home/bjorn/anaconda/envs/seguid/lib/python2.7/dummy_thread.pyc imports=[('traceback', 0, 0, -1)] binaries=[] datas=[]>
operator: None -> <ExtensionModule 'operator' /home/bjorn/anaconda/envs/seguid/lib/python2.7/lib-dynload/operator.so imports=[] binaries=[] datas=[]>
re: None -> <PyModule 're' /home/bjorn/anaconda/envs/seguid/lib/python2.7/re.pyc imports=[('sre_constants', 1, 0, -1), ('sys', 0, 0, -1), ('sre_parse', 0, 0, -1), ('sre_constants.BRANCH', 1, 0, -1), ('sre_compile', 0, 0, -1), ('sre_constants.SUBPATTERN', 1, 0, -1), ('copy_reg', 0, 0, -1), ('_locale', 0, 0, -1)] binaries=[] datas=[]>
sre_constants: None -> <PyModule 'sre_constants' /home/bjorn/anaconda/envs/seguid/lib/python2.7/sre_constants.pyc imports=[('_sre', 0, 0, -1), ('_sre.MAXREPEAT', 0, 0, -1), ('_sre', 0, 1, -1)] binaries=[] datas=[]>
sre_parse: None -> <PyModule 'sre_parse' /home/bjorn/anaconda/envs/seguid/lib/python2.7/sre_parse.pyc imports=[('sre_constants', 0, 0, -1), ('sys', 0, 0, -1), ('sre_constants.*', 0, 0, -1)] binaries=[] datas=[]>
sre_compile: None -> <PyModule 'sre_compile' /home/bjorn/anaconda/envs/seguid/lib/python2.7/sre_compile.pyc imports=[('sys', 0, 0, -1), ('sre_constants.*', 0, 0, -1), ('sre_parse', 0, 0, -1), ('sre_constants', 0, 0, -1), ('_sre', 0, 0, -1), ('array', 1, 0, -1)] binaries=[] datas=[]>
_locale: None -> <ExtensionModule '_locale' /home/bjorn/anaconda/envs/seguid/lib/python2.7/lib-dynload/_locale.so imports=[] binaries=[] datas=[]>
_sre: None -> <BuiltinModule '_sre' None imports=[('copy_reg', 0, 0, -1)] binaries=[] datas=[]>
array: None -> <ExtensionModule 'array' /home/bjorn/anaconda/envs/seguid/lib/python2.7/lib-dynload/array.so imports=[] binaries=[] datas=[]>
string: None -> <PyModule 'string' /home/bjorn/anaconda/envs/seguid/lib/python2.7/string.pyc imports=[('strop.uppercase', 0, 0, -1), ('re', 0, 0, -1), ('strop', 0, 0, -1), ('strop.lowercase', 0, 0, -1), ('strop.whitespace', 0, 0, -1), ('strop.maketrans', 0, 0, -1)] binaries=[] datas=[]>
strop: None -> <ExtensionModule 'strop' /home/bjorn/anaconda/envs/seguid/lib/python2.7/lib-dynload/strop.so imports=[] binaries=[] datas=[]>
abc: None -> <PyModule 'abc' /home/bjorn/anaconda/envs/seguid/lib/python2.7/abc.pyc imports=[('_weakrefset.WeakSet', 0, 0, -1), ('_weakrefset', 0, 0, -1), ('types', 0, 0, -1)] binaries=[] datas=[]>
_weakrefset: None -> <PyModule '_weakrefset' /home/bjorn/anaconda/envs/seguid/lib/python2.7/_weakrefset.pyc imports=[('_weakref.ref', 0, 0, -1), ('_weakref', 0, 0, -1)] binaries=[] datas=[]>
_weakref: None -> <BuiltinModule '_weakref' None imports=[] binaries=[] datas=[]>
linecache: None -> <PyModule 'linecache' /home/bjorn/anaconda/envs/seguid/lib/python2.7/linecache.pyc imports=[('os', 0, 0, -1), ('sys', 0, 0, -1)] binaries=[] datas=[]>
StringIO: None -> <PyModule 'StringIO' /home/bjorn/anaconda/envs/seguid/lib/python2.7/StringIO.pyc imports=[('sys', 1, 0, -1), ('errno', 0, 0, -1), ('errno.EINVAL', 0, 0, -1)] binaries=[] datas=[]>
pdb: None -> <PyModule 'pdb' /home/bjorn/anaconda/envs/seguid/lib/python2.7/pdb.pyc imports=[('linecache', 0, 0, -1), ('sys', 0, 0, -1), ('os', 0, 0, -1), ('repr.Repr', 0, 0, -1), ('bdb', 0, 0, -1), ('re', 0, 0, -1), ('pprint', 0, 0, -1), ('pdb', 0, 1, -1), ('shlex', 1, 1, -1), ('repr', 0, 0, -1), ('__main__', 1, 0, -1), ('cmd', 0, 0, -1), ('traceback', 0, 0, -1), ('readline', 1, 0, -1)] binaries=[] datas=[]>
__future__: None -> <PyModule '__future__' /home/bjorn/anaconda/envs/seguid/lib/python2.7/__future__.pyc imports=[] binaries=[] datas=[]>
inspect: None -> <PyModule 'inspect' /home/bjorn/anaconda/envs/seguid/lib/python2.7/inspect.pyc imports=[('collections', 0, 0, -1), ('re', 0, 0, -1), ('dis', 0, 0, -1), ('sys', 0, 0, -1), ('types', 0, 0, -1), ('os', 0, 0, -1), ('imp', 0, 0, -1), ('string', 0, 0, -1), ('operator', 0, 0, -1), ('linecache', 0, 0, -1), ('operator.attrgetter', 0, 0, -1), ('collections.namedtuple', 0, 0, -1), ('tokenize', 0, 0, -1)] binaries=[] datas=[]>
difflib: None -> <PyModule 'difflib' /home/bjorn/anaconda/envs/seguid/lib/python2.7/difflib.pyc imports=[('difflib', 1, 0, -1), ('collections', 0, 0, -1), ('re', 0, 0, -1), ('functools', 0, 0, -1), ('functools.reduce', 0, 0, -1), ('doctest', 1, 0, -1), ('re', 1, 0, -1), ('heapq', 0, 0, -1), ('collections.namedtuple', 0, 0, -1)] binaries=[] datas=[]>
unittest: None -> <PkgModule 'unittest' /home/bjorn/anaconda/envs/seguid/lib/python2.7/unittest/__init__.pyc imports=[('loader.findTestCases', 0, 0, 1), ('result.TestResult', 0, 0, 1), ('case.skipIf', 0, 0, 1), ('case.skip', 0, 0, 1), ('case.TestCase', 0, 0, 1), ('main.main', 0, 0, 1), ('signals', 0, 0, 1), ('result', 0, 0, 1), ('loader.TestLoader', 0, 0, 1), ('main.TestProgram', 0, 0, 1), ('suite', 0, 0, 1), ('signals.installHandler', 0, 0, 1), ('case.SkipTest', 0, 0, 1), ('suite.TestSuite', 0, 0, 1), ('runner', 0, 0, 1), ('runner.TextTestResult', 0, 0, 1), ('loader.defaultTestLoader', 0, 0, 1), ('suite.BaseTestSuite', 0, 0, 1), ('loader', 0, 0, 1), ('runner.TextTestRunner', 0, 0, 1), ('case.expectedFailure', 0, 0, 1), ('signals.removeResult', 0, 0, 1), ('main', 0, 0, 1), ('signals.registerResult', 0, 0, 1), ('case.skipUnless', 0, 0, 1), ('signals.removeHandler', 0, 0, 1), ('case.FunctionTestCase', 0, 0, 1), ('case', 0, 0, 1), ('loader.getTestCaseNames', 0, 0, 1), ('loader.makeSuite', 0, 0, 1)] binaries=[] datas=[]>
tempfile: None -> <PyModule 'tempfile' /home/bjorn/anaconda/envs/seguid/lib/python2.7/tempfile.pyc imports=[('os', 0, 0, -1), ('dummy_thread', 0, 1, -1), ('thread', 0, 0, -1), ('cStringIO.StringIO', 0, 0, -1), ('cStringIO', 0, 0, -1), ('fcntl', 0, 0, -1), ('StringIO.StringIO', 0, 1, -1), ('random', 0, 0, -1), ('StringIO', 0, 1, -1), ('errno', 0, 0, -1), ('random.Random', 0, 0, -1), ('io', 0, 0, -1)] binaries=[] datas=[]>
repr: None -> <PyModule 'repr' /home/bjorn/anaconda/envs/seguid/lib/python2.7/repr.pyc imports=[('itertools.islice', 0, 0, -1), ('itertools', 0, 0, -1), ('__builtin__', 0, 0, -1)] binaries=[] datas=[]>
bdb: None -> <PyModule 'bdb' /home/bjorn/anaconda/envs/seguid/lib/python2.7/bdb.pyc imports=[('repr', 1, 0, -1), ('sys', 0, 0, -1), ('types', 0, 0, -1), ('os', 0, 0, -1), ('fnmatch', 0, 0, -1), ('linecache', 1, 0, -1), ('__main__', 1, 1, -1)] binaries=[] datas=[]>
pprint: None -> <PyModule 'pprint' /home/bjorn/anaconda/envs/seguid/lib/python2.7/pprint.pyc imports=[('sys', 0, 0, -1), ('time', 1, 0, -1), ('warnings', 0, 0, -1), ('cStringIO', 0, 0, -1), ('StringIO.StringIO', 0, 1, -1), ('cStringIO.StringIO', 0, 0, -1), ('StringIO', 0, 1, -1)] binaries=[] datas=[]>
shlex: None -> <PyModule 'shlex' /home/bjorn/anaconda/envs/seguid/lib/python2.7/shlex.pyc imports=[('collections.deque', 0, 0, -1), ('sys', 0, 0, -1), ('collections', 0, 0, -1), ('os.path', 0, 0, -1), ('cStringIO', 0, 0, -1), ('StringIO.StringIO', 0, 1, -1), ('cStringIO.StringIO', 0, 0, -1), ('StringIO', 0, 1, -1)] binaries=[] datas=[]>
cmd: None -> <PyModule 'cmd' /home/bjorn/anaconda/envs/seguid/lib/python2.7/cmd.pyc imports=[('sys', 1, 0, -1), ('readline', 1, 1, -1), ('string', 0, 0, -1)] binaries=[] datas=[]>
readline: None -> <ExtensionModule 'readline' /home/bjorn/anaconda/envs/seguid/lib/python2.7/lib-dynload/readline.so imports=[] binaries=[] datas=[]>
__builtin__: None -> <BuiltinModule '__builtin__' None imports=[] binaries=[] datas=[]>
fnmatch: None -> <PyModule 'fnmatch' /home/bjorn/anaconda/envs/seguid/lib/python2.7/fnmatch.pyc imports=[('re', 0, 0, -1), ('posixpath', 1, 0, -1), ('os', 1, 0, -1)] binaries=[] datas=[]>
pwd: None -> <BuiltinModule 'pwd' None imports=[] binaries=[] datas=[]>
genericpath: None -> <PyModule 'genericpath' /home/bjorn/anaconda/envs/seguid/lib/python2.7/genericpath.pyc imports=[('os', 0, 0, -1), ('stat', 0, 0, -1)] binaries=[] datas=[]>
stat: None -> <PyModule 'stat' /home/bjorn/anaconda/envs/seguid/lib/python2.7/stat.pyc imports=[] binaries=[] datas=[]>
_warnings: None -> <BuiltinModule '_warnings' None imports=[] binaries=[] datas=[]>
cStringIO: None -> <ExtensionModule 'cStringIO' /home/bjorn/anaconda/envs/seguid/lib/python2.7/lib-dynload/cStringIO.so imports=[('copy_reg', 0, 0, -1)] binaries=[] datas=[]>
_strptime: None -> <PyModule '_strptime' /home/bjorn/anaconda/envs/seguid/lib/python2.7/_strptime.pyc imports=[('thread.allocate_lock', 0, 0, -1), ('dummy_thread', 0, 0, -1), ('re', 0, 0, -1), ('re.compile', 0, 0, -1), ('re.escape', 0, 0, -1), ('calendar', 0, 0, -1), ('locale', 0, 0, -1), ('datetime.date', 0, 0, -1), ('datetime', 0, 0, -1), ('dummy_thread.allocate_lock', 0, 0, -1), ('thread', 0, 0, -1), ('time', 0, 0, -1), ('re.IGNORECASE', 0, 0, -1)] binaries=[] datas=[]>
calendar: None -> <PyModule 'calendar' /home/bjorn/anaconda/envs/seguid/lib/python2.7/calendar.pyc imports=[('optparse', 1, 0, -1), ('datetime', 0, 0, -1), ('sys', 0, 0, -1), ('locale', 0, 0, -1)] binaries=[] datas=[]>
locale: None -> <PyModule 'locale' /home/bjorn/anaconda/envs/seguid/lib/python2.7/locale.pyc imports=[('re', 0, 0, -1), ('sys', 0, 0, -1), ('_locale', 1, 0, -1), ('os', 1, 0, -1), ('operator', 0, 0, -1), ('_locale', 0, 0, -1), ('_locale.*', 0, 0, -1), ('functools', 0, 0, -1), ('encodings', 0, 0, -1), ('encodings.aliases', 0, 0, -1)] binaries=[] datas=[]>
datetime: None -> <ExtensionModule 'datetime' /home/bjorn/anaconda/envs/seguid/lib/python2.7/lib-dynload/datetime.so imports=[] binaries=[] datas=[]>
optparse: None -> <PyModule 'optparse' /home/bjorn/anaconda/envs/seguid/lib/python2.7/optparse.pyc imports=[('sys', 0, 0, -1), ('types', 0, 0, -1), ('os', 0, 0, -1), ('__builtin__', 1, 1, -1), ('gettext.gettext', 0, 0, -1), ('textwrap', 0, 0, -1), ('gettext', 0, 0, -1)] binaries=[] datas=[]>
gettext: None -> <PyModule 'gettext' /home/bjorn/anaconda/envs/seguid/lib/python2.7/gettext.pyc imports=[('re', 0, 0, -1), ('locale.normalize', 1, 0, -1), ('sys', 0, 0, -1), ('errno.ENOENT', 0, 0, -1), ('copy', 0, 0, -1), ('os', 0, 0, -1), ('StringIO', 1, 1, -1), ('StringIO.StringIO', 1, 1, -1), ('cStringIO.StringIO', 1, 0, -1), ('struct', 0, 0, -1), ('locale', 1, 0, -1), ('token', 1, 0, -1), ('tokenize', 1, 0, -1), ('__builtin__', 1, 0, -1), ('errno', 0, 0, -1), ('locale', 0, 0, -1), ('cStringIO', 1, 0, -1)] binaries=[] datas=[]>
textwrap: None -> <PyModule 'textwrap' /home/bjorn/anaconda/envs/seguid/lib/python2.7/textwrap.pyc imports=[('re', 0, 0, -1), ('string', 0, 0, -1)] binaries=[] datas=[]>
copy: None -> <PyModule 'copy' /home/bjorn/anaconda/envs/seguid/lib/python2.7/copy.pyc imports=[('copy_reg.dispatch_table', 0, 0, -1), ('weakref', 0, 0, -1), ('sys', 1, 1, -1), ('types', 0, 0, -1), ('copy_reg', 0, 0, -1), ('repr', 1, 0, -1), ('org.python.core.PyStringMap', 0, 0, -1), ('org.python.core', 0, 0, -1)] binaries=[] datas=[]>
struct: None -> <PyModule 'struct' /home/bjorn/anaconda/envs/seguid/lib/python2.7/struct.pyc imports=[('_struct.__doc__', 0, 0, -1), ('_struct.*', 0, 0, -1), ('_struct', 0, 0, -1), ('_struct._clearcache', 0, 0, -1)] binaries=[] datas=[]>
token: None -> <PyModule 'token' /home/bjorn/anaconda/envs/seguid/lib/python2.7/token.pyc imports=[('sys', 1, 0, -1), ('re', 1, 0, -1)] binaries=[] datas=[]>
tokenize: None -> <PyModule 'tokenize' /home/bjorn/anaconda/envs/seguid/lib/python2.7/tokenize.pyc imports=[('re', 0, 0, -1), ('token', 0, 0, -1), ('string', 0, 0, -1), ('itertools', 0, 0, -1), ('itertools.chain', 0, 0, -1), ('sys', 0, 1, -1), ('token.*', 0, 0, -1)] binaries=[] datas=[]>
functools: None -> <PyModule 'functools' /home/bjorn/anaconda/envs/seguid/lib/python2.7/functools.pyc imports=[('_functools.reduce', 0, 0, -1), ('_functools.partial', 0, 0, -1), ('_functools', 0, 0, -1)] binaries=[] datas=[]>
encodings.aliases: None -> <PyModule 'encodings.aliases' /home/bjorn/anaconda/envs/seguid/lib/python2.7/encodings/aliases.pyc imports=[] binaries=[] datas=[]>
_functools: None -> <ExtensionModule '_functools' /home/bjorn/anaconda/envs/seguid/lib/python2.7/lib-dynload/_functools.so imports=[] binaries=[] datas=[]>
encodings.encodings: None -> None
encodings.codecs: None -> None
codecs: None -> <PyModule 'codecs' /home/bjorn/anaconda/envs/seguid/lib/python2.7/codecs.pyc imports=[('encodings', 0, 1, -1), ('_codecs', 0, 0, -1), ('_codecs.*', 0, 0, -1), ('sys', 0, 0, -1), ('__builtin__', 0, 0, -1), ('encodings', 0, 0, -1)] binaries=[] datas=[]>
encodings.__builtin__: None -> None
encodings.cp858: None -> <PyModule 'encodings.cp858' /home/bjorn/anaconda/envs/seguid/lib/python2.7/encodings/cp858.pyc imports=[('codecs', 0, 0, -1)] binaries=[] datas=[]>
encodings.euc_kr: None -> <PyModule 'encodings.euc_kr' /home/bjorn/anaconda/envs/seguid/lib/python2.7/encodings/euc_kr.pyc imports=[('_codecs_kr', 0, 0, -1), ('_multibytecodec', 0, 0, -1), ('codecs', 0, 0, -1)] binaries=[] datas=[]>
encodings.cp861: None -> <PyModule 'encodings.cp861' /home/bjorn/anaconda/envs/seguid/lib/python2.7/encodings/cp861.pyc imports=[('codecs', 0, 0, -1)] binaries=[] datas=[]>
encodings.mac_latin2: None -> <PyModule 'encodings.mac_latin2' /home/bjorn/anaconda/envs/seguid/lib/python2.7/encodings/mac_latin2.pyc imports=[('codecs', 0, 0, -1)] binaries=[] datas=[]>
encodings.johab: None -> <PyModule 'encodings.johab' /home/bjorn/anaconda/envs/seguid/lib/python2.7/encodings/johab.pyc imports=[('_codecs_kr', 0, 0, -1), ('_multibytecodec', 0, 0, -1), ('codecs', 0, 0, -1)] binaries=[] datas=[]>
encodings.rot_13: None -> <PyModule 'encodings.rot_13' /home/bjorn/anaconda/envs/seguid/lib/python2.7/encodings/rot_13.pyc imports=[('sys', 0, 1, -1), ('codecs', 0, 0, -1)] binaries=[] datas=[]>
encodings.cp1257: None -> <PyModule 'encodings.cp1257' /home/bjorn/anaconda/envs/seguid/lib/python2.7/encodings/cp1257.pyc imports=[('codecs', 0, 0, -1)] binaries=[] datas=[]>
encodings.iso8859_10: None -> <PyModule 'encodings.iso8859_10' /home/bjorn/anaconda/envs/seguid/lib/python2.7/encodings/iso8859_10.pyc imports=[('codecs', 0, 0, -1)] binaries=[] datas=[]>
encodings.iso2022_jp_3: None -> <PyModule 'encodings.iso2022_jp_3' /home/bjorn/anaconda/envs/seguid/lib/python2.7/encodings/iso2022_jp_3.pyc imports=[('_codecs_iso2022', 0, 0, -1), ('codecs', 0, 0, -1), ('_multibytecodec', 0, 0, -1)] binaries=[] datas=[]>
encodings.cp949: None -> <PyModule 'encodings.cp949' /home/bjorn/anaconda/envs/seguid/lib/python2.7/encodings/cp949.pyc imports=[('_codecs_kr', 0, 0, -1), ('_multibytecodec', 0, 0, -1), ('codecs', 0, 0, -1)] binaries=[] datas=[]>
encodings.iso2022_kr: None -> <PyModule 'encodings.iso2022_kr' /home/bjorn/anaconda/envs/seguid/lib/python2.7/encodings/iso2022_kr.pyc imports=[('_codecs_iso2022', 0, 0, -1), ('codecs', 0, 0, -1), ('_multibytecodec', 0, 0, -1)] binaries=[] datas=[]>
encodings.cp875: None -> <PyModule 'encodings.cp875' /home/bjorn/anaconda/envs/seguid/lib/python2.7/encodings/cp875.pyc imports=[('codecs', 0, 0, -1)] binaries=[] datas=[]>
encodings.ascii: None -> <PyModule 'encodings.ascii' /home/bjorn/anaconda/envs/seguid/lib/python2.7/encodings/ascii.pyc imports=[('codecs', 0, 0, -1)] binaries=[] datas=[]>
encodings.gb18030: None -> <PyModule 'encodings.gb18030' /home/bjorn/anaconda/envs/seguid/lib/python2.7/encodings/gb18030.pyc imports=[('_multibytecodec', 0, 0, -1), ('codecs', 0, 0, -1), ('_codecs_cn', 0, 0, -1)] binaries=[] datas=[]>
encodings.hp_roman8: None -> <PyModule 'encodings.hp_roman8' /home/bjorn/anaconda/envs/seguid/lib/python2.7/encodings/hp_roman8.pyc imports=[('codecs', 0, 0, -1)] binaries=[] datas=[]>
encodings.cp856: None -> <PyModule 'encodings.cp856' /home/bjorn/anaconda/envs/seguid/lib/python2.7/encodings/cp856.pyc imports=[('codecs', 0, 0, -1)] binaries=[] datas=[]>
encodings.tis_620: None -> <PyModule 'encodings.tis_620' /home/bjorn/anaconda/envs/seguid/lib/python2.7/encodings/tis_620.pyc imports=[('codecs', 0, 0, -1)] binaries=[] datas=[]>
encodings.iso8859_1: None -> <PyModule 'encodings.iso8859_1' /home/bjorn/anaconda/envs/seguid/lib/python2.7/encodings/iso8859_1.pyc imports=[('codecs', 0, 0, -1)] binaries=[] datas=[]>
encodings.iso8859_9: None -> <PyModule 'encodings.iso8859_9' /home/bjorn/anaconda/envs/seguid/lib/python2.7/encodings/iso8859_9.pyc imports=[('codecs', 0, 0, -1)] binaries=[] datas=[]>
encodings.cp855: None -> <PyModule 'encodings.cp855' /home/bjorn/anaconda/envs/seguid/lib/python2.7/encodings/cp855.pyc imports=[('codecs', 0, 0, -1)] binaries=[] datas=[]>
encodings.cp424: None -> <PyModule 'encodings.cp424' /home/bjorn/anaconda/envs/seguid/lib/python2.7/encodings/cp424.pyc imports=[('codecs', 0, 0, -1)] binaries=[] datas=[]>
encodings.hz: None -> <PyModule 'encodings.hz' /home/bjorn/anaconda/envs/seguid/lib/python2.7/encodings/hz.pyc imports=[('_multibytecodec', 0, 0, -1), ('codecs', 0, 0, -1), ('_codecs_cn', 0, 0, -1)] binaries=[] datas=[]>
encodings.uu_codec: None -> <PyModule 'encodings.uu_codec' /home/bjorn/anaconda/envs/seguid/lib/python2.7/encodings/uu_codec.pyc imports=[('cStringIO.StringIO', 1, 0, -1), ('binascii.a2b_uu', 1, 0, -1), ('binascii', 1, 0, -1), ('binascii.b2a_uu', 1, 0, -1), ('binascii', 0, 0, -1), ('codecs', 0, 0, -1), ('cStringIO', 1, 0, -1)] binaries=[] datas=[]>
encodings.mac_centeuro: None -> <PyModule 'encodings.mac_centeuro' /home/bjorn/anaconda/envs/seguid/lib/python2.7/encodings/mac_centeuro.pyc imports=[('codecs', 0, 0, -1)] binaries=[] datas=[]>
encodings.cp1255: None -> <PyModule 'encodings.cp1255' /home/bjorn/anaconda/envs/seguid/lib/python2.7/encodings/cp1255.pyc imports=[('codecs', 0, 0, -1)] binaries=[] datas=[]>
encodings.mac_arabic: None -> <PyModule 'encodings.mac_arabic' /home/bjorn/anaconda/envs/seguid/lib/python2.7/encodings/mac_arabic.pyc imports=[('codecs', 0, 0, -1)] binaries=[] datas=[]>
encodings.gb2312: None -> <PyModule 'encodings.gb2312' /home/bjorn/anaconda/envs/seguid/lib/python2.7/encodings/gb2312.pyc imports=[('_multibytecodec', 0, 0, -1), ('codecs', 0, 0, -1), ('_codecs_cn', 0, 0, -1)] binaries=[] datas=[]>
encodings.mbcs: None -> <PyModule 'encodings.mbcs' /home/bjorn/anaconda/envs/seguid/lib/python2.7/encodings/mbcs.pyc imports=[('codecs.mbcs_decode', 0, 0, -1), ('codecs', 0, 0, -1), ('codecs.mbcs_encode', 0, 0, -1)] binaries=[] datas=[]>
encodings.big5: None -> <PyModule 'encodings.big5' /home/bjorn/anaconda/envs/seguid/lib/python2.7/encodings/big5.pyc imports=[('_codecs_tw', 0, 0, -1), ('_multibytecodec', 0, 0, -1), ('codecs', 0, 0, -1)] binaries=[] datas=[]>
encodings.quopri_codec: None -> <PyModule 'encodings.quopri_codec' /home/bjorn/anaconda/envs/seguid/lib/python2.7/encodings/quopri_codec.pyc imports=[('quopri', 0, 0, -1), ('cStringIO', 0, 0, -1), ('StringIO.StringIO', 0, 1, -1), ('cStringIO.StringIO', 0, 0, -1), ('StringIO', 0, 1, -1), ('codecs', 0, 0, -1)] binaries=[] datas=[]>
encodings.utf_32_be: None -> <PyModule 'encodings.utf_32_be' /home/bjorn/anaconda/envs/seguid/lib/python2.7/encodings/utf_32_be.pyc imports=[('codecs', 0, 0, -1)] binaries=[] datas=[]>
encodings.charmap: None -> <PyModule 'encodings.charmap' /home/bjorn/anaconda/envs/seguid/lib/python2.7/encodings/charmap.pyc imports=[('codecs', 0, 0, -1)] binaries=[] datas=[]>
encodings.cp1140: None -> <PyModule 'encodings.cp1140' /home/bjorn/anaconda/envs/seguid/lib/python2.7/encodings/cp1140.pyc imports=[('codecs', 0, 0, -1)] binaries=[] datas=[]>
encodings.iso8859_5: None -> <PyModule 'encodings.iso8859_5' /home/bjorn/anaconda/envs/seguid/lib/python2.7/encodings/iso8859_5.pyc imports=[('codecs', 0, 0, -1)] binaries=[] datas=[]>
encodings.utf_7: None -> <PyModule 'encodings.utf_7' /home/bjorn/anaconda/envs/seguid/lib/python2.7/encodings/utf_7.pyc imports=[('codecs', 0, 0, -1)] binaries=[] datas=[]>
encodings.iso2022_jp_2: None -> <PyModule 'encodings.iso2022_jp_2' /home/bjorn/anaconda/envs/seguid/lib/python2.7/encodings/iso2022_jp_2.pyc imports=[('_codecs_iso2022', 0, 0, -1), ('codecs', 0, 0, -1), ('_multibytecodec', 0, 0, -1)] binaries=[] datas=[]>
encodings.utf_16_be: None -> <PyModule 'encodings.utf_16_be' /home/bjorn/anaconda/envs/seguid/lib/python2.7/encodings/utf_16_be.pyc imports=[('codecs', 0, 0, -1)] binaries=[] datas=[]>
encodings.ptcp154: None -> <PyModule 'encodings.ptcp154' /home/bjorn/anaconda/envs/seguid/lib/python2.7/encodings/ptcp154.pyc imports=[('codecs', 0, 0, -1)] binaries=[] datas=[]>
encodings.cp775: None -> <PyModule 'encodings.cp775' /home/bjorn/anaconda/envs/seguid/lib/python2.7/encodings/cp775.pyc imports=[('codecs', 0, 0, -1)] binaries=[] datas=[]>
encodings.mac_greek: None -> <PyModule 'encodings.mac_greek' /home/bjorn/anaconda/envs/seguid/lib/python2.7/encodings/mac_greek.pyc imports=[('codecs', 0, 0, -1)] binaries=[] datas=[]>
encodings.mac_iceland: None -> <PyModule 'encodings.mac_iceland' /home/bjorn/anaconda/envs/seguid/lib/python2.7/encodings/mac_iceland.pyc imports=[('codecs', 0, 0, -1)] binaries=[] datas=[]>
encodings.cp737: None -> <PyModule 'encodings.cp737' /home/bjorn/anaconda/envs/seguid/lib/python2.7/encodings/cp737.pyc imports=[('codecs', 0, 0, -1)] binaries=[] datas=[]>
encodings.cp037: None -> <PyModule 'encodings.cp037' /home/bjorn/anaconda/envs/seguid/lib/python2.7/encodings/cp037.pyc imports=[('codecs', 0, 0, -1)] binaries=[] datas=[]>
encodings.cp500: None -> <PyModule 'encodings.cp500' /home/bjorn/anaconda/envs/seguid/lib/python2.7/encodings/cp500.pyc imports=[('codecs', 0, 0, -1)] binaries=[] datas=[]>
encodings.cp852: None -> <PyModule 'encodings.cp852' /home/bjorn/anaconda/envs/seguid/lib/python2.7/encodings/cp852.pyc imports=[('codecs', 0, 0, -1)] binaries=[] datas=[]>
encodings.base64_codec: None -> <PyModule 'encodings.base64_codec' /home/bjorn/anaconda/envs/seguid/lib/python2.7/encodings/base64_codec.pyc imports=[('base64', 0, 0, -1), ('codecs', 0, 0, -1)] binaries=[] datas=[]>
encodings.zlib_codec: None -> <PyModule 'encodings.zlib_codec' /home/bjorn/anaconda/envs/seguid/lib/python2.7/encodings/zlib_codec.pyc imports=[('zlib', 0, 0, -1), ('codecs', 0, 0, -1)] binaries=[] datas=[]>
encodings.utf_8: None -> <PyModule 'encodings.utf_8' /home/bjorn/anaconda/envs/seguid/lib/python2.7/encodings/utf_8.pyc imports=[('codecs', 0, 0, -1)] binaries=[] datas=[]>
encodings.undefined: None -> <PyModule 'encodings.undefined' /home/bjorn/anaconda/envs/seguid/lib/python2.7/encodings/undefined.pyc imports=[('codecs', 0, 0, -1)] binaries=[] datas=[]>
encodings.gbk: None -> <PyModule 'encodings.gbk' /home/bjorn/anaconda/envs/seguid/lib/python2.7/encodings/gbk.pyc imports=[('_multibytecodec', 0, 0, -1), ('codecs', 0, 0, -1), ('_codecs_cn', 0, 0, -1)] binaries=[] datas=[]>
encodings.iso8859_14: None -> <PyModule 'encodings.iso8859_14' /home/bjorn/anaconda/envs/seguid/lib/python2.7/encodings/iso8859_14.pyc imports=[('codecs', 0, 0, -1)] binaries=[] datas=[]>
encodings.utf_32_le: None -> <PyModule 'encodings.utf_32_le' /home/bjorn/anaconda/envs/seguid/lib/python2.7/encodings/utf_32_le.pyc imports=[('codecs', 0, 0, -1)] binaries=[] datas=[]>
encodings.iso8859_8: None -> <PyModule 'encodings.iso8859_8' /home/bjorn/anaconda/envs/seguid/lib/python2.7/encodings/iso8859_8.pyc imports=[('codecs', 0, 0, -1)] binaries=[] datas=[]>
encodings.mac_cyrillic: None -> <PyModule 'encodings.mac_cyrillic' /home/bjorn/anaconda/envs/seguid/lib/python2.7/encodings/mac_cyrillic.pyc imports=[('codecs', 0, 0, -1)] binaries=[] datas=[]>
encodings.utf_32: None -> <PyModule 'encodings.utf_32' /home/bjorn/anaconda/envs/seguid/lib/python2.7/encodings/utf_32.pyc imports=[('codecs', 0, 0, -1), ('sys', 0, 0, -1)] binaries=[] datas=[]>
encodings.iso8859_11: None -> <PyModule 'encodings.iso8859_11' /home/bjorn/anaconda/envs/seguid/lib/python2.7/encodings/iso8859_11.pyc imports=[('codecs', 0, 0, -1)] binaries=[] datas=[]>
encodings.mac_roman: None -> <PyModule 'encodings.mac_roman' /home/bjorn/anaconda/envs/seguid/lib/python2.7/encodings/mac_roman.pyc imports=[('codecs', 0, 0, -1)] binaries=[] datas=[]>
encodings.euc_jp: None -> <PyModule 'encodings.euc_jp' /home/bjorn/anaconda/envs/seguid/lib/python2.7/encodings/euc_jp.pyc imports=[('_multibytecodec', 0, 0, -1), ('codecs', 0, 0, -1), ('_codecs_jp', 0, 0, -1)] binaries=[] datas=[]>
encodings.mac_croatian: None -> <PyModule 'encodings.mac_croatian' /home/bjorn/anaconda/envs/seguid/lib/python2.7/encodings/mac_croatian.pyc imports=[('codecs', 0, 0, -1)] binaries=[] datas=[]>
encodings.cp1252: None -> <PyModule 'encodings.cp1252' /home/bjorn/anaconda/envs/seguid/lib/python2.7/encodings/cp1252.pyc imports=[('codecs', 0, 0, -1)] binaries=[] datas=[]>
encodings.euc_jis_2004: None -> <PyModule 'encodings.euc_jis_2004' /home/bjorn/anaconda/envs/seguid/lib/python2.7/encodings/euc_jis_2004.pyc imports=[('_multibytecodec', 0, 0, -1), ('codecs', 0, 0, -1), ('_codecs_jp', 0, 0, -1)] binaries=[] datas=[]>
encodings.mac_romanian: None -> <PyModule 'encodings.mac_romanian' /home/bjorn/anaconda/envs/seguid/lib/python2.7/encodings/mac_romanian.pyc imports=[('codecs', 0, 0, -1)] binaries=[] datas=[]>
encodings.cp863: None -> <PyModule 'encodings.cp863' /home/bjorn/anaconda/envs/seguid/lib/python2.7/encodings/cp863.pyc imports=[('codecs', 0, 0, -1)] binaries=[] datas=[]>
encodings.euc_jisx0213: None -> <PyModule 'encodings.euc_jisx0213' /home/bjorn/anaconda/envs/seguid/lib/python2.7/encodings/euc_jisx0213.pyc imports=[('_multibytecodec', 0, 0, -1), ('codecs', 0, 0, -1), ('_codecs_jp', 0, 0, -1)] binaries=[] datas=[]>
encodings.utf_16: None -> <PyModule 'encodings.utf_16' /home/bjorn/anaconda/envs/seguid/lib/python2.7/encodings/utf_16.pyc imports=[('codecs', 0, 0, -1), ('sys', 0, 0, -1)] binaries=[] datas=[]>
encodings.big5hkscs: None -> <PyModule 'encodings.big5hkscs' /home/bjorn/anaconda/envs/seguid/lib/python2.7/encodings/big5hkscs.pyc imports=[('_codecs_hk', 0, 0, -1), ('_multibytecodec', 0, 0, -1), ('codecs', 0, 0, -1)] binaries=[] datas=[]>
encodings.cp1250: None -> <PyModule 'encodings.cp1250' /home/bjorn/anaconda/envs/seguid/lib/python2.7/encodings/cp1250.pyc imports=[('codecs', 0, 0, -1)] binaries=[] datas=[]>
encodings.iso8859_13: None -> <PyModule 'encodings.iso8859_13' /home/bjorn/anaconda/envs/seguid/lib/python2.7/encodings/iso8859_13.pyc imports=[('codecs', 0, 0, -1)] binaries=[] datas=[]>
encodings.punycode: None -> <PyModule 'encodings.punycode' /home/bjorn/anaconda/envs/seguid/lib/python2.7/encodings/punycode.pyc imports=[('codecs', 0, 0, -1)] binaries=[] datas=[]>
encodings.cp857: None -> <PyModule 'encodings.cp857' /home/bjorn/anaconda/envs/seguid/lib/python2.7/encodings/cp857.pyc imports=[('codecs', 0, 0, -1)] binaries=[] datas=[]>
encodings.cp874: None -> <PyModule 'encodings.cp874' /home/bjorn/anaconda/envs/seguid/lib/python2.7/encodings/cp874.pyc imports=[('codecs', 0, 0, -1)] binaries=[] datas=[]>
encodings.iso2022_jp: None -> <PyModule 'encodings.iso2022_jp' /home/bjorn/anaconda/envs/seguid/lib/python2.7/encodings/iso2022_jp.pyc imports=[('_codecs_iso2022', 0, 0, -1), ('codecs', 0, 0, -1), ('_multibytecodec', 0, 0, -1)] binaries=[] datas=[]>
encodings.cp1006: None -> <PyModule 'encodings.cp1006' /home/bjorn/anaconda/envs/seguid/lib/python2.7/encodings/cp1006.pyc imports=[('codecs', 0, 0, -1)] binaries=[] datas=[]>
encodings.cp1256: None -> <PyModule 'encodings.cp1256' /home/bjorn/anaconda/envs/seguid/lib/python2.7/encodings/cp1256.pyc imports=[('codecs', 0, 0, -1)] binaries=[] datas=[]>
encodings.cp1258: None -> <PyModule 'encodings.cp1258' /home/bjorn/anaconda/envs/seguid/lib/python2.7/encodings/cp1258.pyc imports=[('codecs', 0, 0, -1)] binaries=[] datas=[]>
encodings.string_escape: None -> <PyModule 'encodings.string_escape' /home/bjorn/anaconda/envs/seguid/lib/python2.7/encodings/string_escape.pyc imports=[('codecs', 0, 0, -1)] binaries=[] datas=[]>
encodings.iso8859_6: None -> <PyModule 'encodings.iso8859_6' /home/bjorn/anaconda/envs/seguid/lib/python2.7/encodings/iso8859_6.pyc imports=[('codecs', 0, 0, -1)] binaries=[] datas=[]>
encodings.cp437: None -> <PyModule 'encodings.cp437' /home/bjorn/anaconda/envs/seguid/lib/python2.7/encodings/cp437.pyc imports=[('codecs', 0, 0, -1)] binaries=[] datas=[]>
encodings.utf_16_le: None -> <PyModule 'encodings.utf_16_le' /home/bjorn/anaconda/envs/seguid/lib/python2.7/encodings/utf_16_le.pyc imports=[('codecs', 0, 0, -1)] binaries=[] datas=[]>
encodings.idna: None -> <PyModule 'encodings.idna' /home/bjorn/anaconda/envs/seguid/lib/python2.7/encodings/idna.pyc imports=[('unicodedata.ucd_3_2_0', 0, 0, -1), ('re', 0, 0, -1), ('unicodedata', 0, 0, -1), ('codecs', 0, 0, -1), ('stringprep', 0, 0, -1)] binaries=[] datas=[]>
encodings.cp1026: None -> <PyModule 'encodings.cp1026' /home/bjorn/anaconda/envs/seguid/lib/python2.7/encodings/cp1026.pyc imports=[('codecs', 0, 0, -1)] binaries=[] datas=[]>
encodings.cp950: None -> <PyModule 'encodings.cp950' /home/bjorn/anaconda/envs/seguid/lib/python2.7/encodings/cp950.pyc imports=[('_codecs_tw', 0, 0, -1), ('_multibytecodec', 0, 0, -1), ('codecs', 0, 0, -1)] binaries=[] datas=[]>
encodings.cp862: None -> <PyModule 'encodings.cp862' /home/bjorn/anaconda/envs/seguid/lib/python2.7/encodings/cp862.pyc imports=[('codecs', 0, 0, -1)] binaries=[] datas=[]>
encodings.koi8_r: None -> <PyModule 'encodings.koi8_r' /home/bjorn/anaconda/envs/seguid/lib/python2.7/encodings/koi8_r.pyc imports=[('codecs', 0, 0, -1)] binaries=[] datas=[]>
encodings.iso8859_3: None -> <PyModule 'encodings.iso8859_3' /home/bjorn/anaconda/envs/seguid/lib/python2.7/encodings/iso8859_3.pyc imports=[('codecs', 0, 0, -1)] binaries=[] datas=[]>
encodings.cp869: None -> <PyModule 'encodings.cp869' /home/bjorn/anaconda/envs/seguid/lib/python2.7/encodings/cp869.pyc imports=[('codecs', 0, 0, -1)] binaries=[] datas=[]>
encodings.iso8859_16: None -> <PyModule 'encodings.iso8859_16' /home/bjorn/anaconda/envs/seguid/lib/python2.7/encodings/iso8859_16.pyc imports=[('codecs', 0, 0, -1)] binaries=[] datas=[]>
encodings.iso8859_4: None -> <PyModule 'encodings.iso8859_4' /home/bjorn/anaconda/envs/seguid/lib/python2.7/encodings/iso8859_4.pyc imports=[('codecs', 0, 0, -1)] binaries=[] datas=[]>
encodings.cp866: None -> <PyModule 'encodings.cp866' /home/bjorn/anaconda/envs/seguid/lib/python2.7/encodings/cp866.pyc imports=[('codecs', 0, 0, -1)] binaries=[] datas=[]>
encodings.cp1254: None -> <PyModule 'encodings.cp1254' /home/bjorn/anaconda/envs/seguid/lib/python2.7/encodings/cp1254.pyc imports=[('codecs', 0, 0, -1)] binaries=[] datas=[]>
encodings.latin_1: None -> <PyModule 'encodings.latin_1' /home/bjorn/anaconda/envs/seguid/lib/python2.7/encodings/latin_1.pyc imports=[('codecs', 0, 0, -1)] binaries=[] datas=[]>
encodings.iso8859_7: None -> <PyModule 'encodings.iso8859_7' /home/bjorn/anaconda/envs/seguid/lib/python2.7/encodings/iso8859_7.pyc imports=[('codecs', 0, 0, -1)] binaries=[] datas=[]>
encodings.cp720: None -> <PyModule 'encodings.cp720' /home/bjorn/anaconda/envs/seguid/lib/python2.7/encodings/cp720.pyc imports=[('codecs', 0, 0, -1)] binaries=[] datas=[]>
encodings.mac_farsi: None -> <PyModule 'encodings.mac_farsi' /home/bjorn/anaconda/envs/seguid/lib/python2.7/encodings/mac_farsi.pyc imports=[('codecs', 0, 0, -1)] binaries=[] datas=[]>
encodings.utf_8_sig: None -> <PyModule 'encodings.utf_8_sig' /home/bjorn/anaconda/envs/seguid/lib/python2.7/encodings/utf_8_sig.pyc imports=[('codecs', 0, 0, -1)] binaries=[] datas=[]>
encodings.cp864: None -> <PyModule 'encodings.cp864' /home/bjorn/anaconda/envs/seguid/lib/python2.7/encodings/cp864.pyc imports=[('codecs', 0, 0, -1)] binaries=[] datas=[]>
encodings.raw_unicode_escape: None -> <PyModule 'encodings.raw_unicode_escape' /home/bjorn/anaconda/envs/seguid/lib/python2.7/encodings/raw_unicode_escape.pyc imports=[('codecs', 0, 0, -1)] binaries=[] datas=[]>
encodings.iso8859_15: None -> <PyModule 'encodings.iso8859_15' /home/bjorn/anaconda/envs/seguid/lib/python2.7/encodings/iso8859_15.pyc imports=[('codecs', 0, 0, -1)] binaries=[] datas=[]>
encodings.iso2022_jp_1: None -> <PyModule 'encodings.iso2022_jp_1' /home/bjorn/anaconda/envs/seguid/lib/python2.7/encodings/iso2022_jp_1.pyc imports=[('_codecs_iso2022', 0, 0, -1), ('codecs', 0, 0, -1), ('_multibytecodec', 0, 0, -1)] binaries=[] datas=[]>
encodings.cp850: None -> <PyModule 'encodings.cp850' /home/bjorn/anaconda/envs/seguid/lib/python2.7/encodings/cp850.pyc imports=[('codecs', 0, 0, -1)] binaries=[] datas=[]>
encodings.shift_jis_2004: None -> <PyModule 'encodings.shift_jis_2004' /home/bjorn/anaconda/envs/seguid/lib/python2.7/encodings/shift_jis_2004.pyc imports=[('_multibytecodec', 0, 0, -1), ('codecs', 0, 0, -1), ('_codecs_jp', 0, 0, -1)] binaries=[] datas=[]>
encodings.cp932: None -> <PyModule 'encodings.cp932' /home/bjorn/anaconda/envs/seguid/lib/python2.7/encodings/cp932.pyc imports=[('_multibytecodec', 0, 0, -1), ('codecs', 0, 0, -1), ('_codecs_jp', 0, 0, -1)] binaries=[] datas=[]>
encodings.cp860: None -> <PyModule 'encodings.cp860' /home/bjorn/anaconda/envs/seguid/lib/python2.7/encodings/cp860.pyc imports=[('codecs', 0, 0, -1)] binaries=[] datas=[]>
encodings.unicode_internal: None -> <PyModule 'encodings.unicode_internal' /home/bjorn/anaconda/envs/seguid/lib/python2.7/encodings/unicode_internal.pyc imports=[('codecs', 0, 0, -1)] binaries=[] datas=[]>
encodings.cp865: None -> <PyModule 'encodings.cp865' /home/bjorn/anaconda/envs/seguid/lib/python2.7/encodings/cp865.pyc imports=[('codecs', 0, 0, -1)] binaries=[] datas=[]>
encodings.iso8859_2: None -> <PyModule 'encodings.iso8859_2' /home/bjorn/anaconda/envs/seguid/lib/python2.7/encodings/iso8859_2.pyc imports=[('codecs', 0, 0, -1)] binaries=[] datas=[]>
encodings.iso2022_jp_2004: None -> <PyModule 'encodings.iso2022_jp_2004' /home/bjorn/anaconda/envs/seguid/lib/python2.7/encodings/iso2022_jp_2004.pyc imports=[('_codecs_iso2022', 0, 0, -1), ('codecs', 0, 0, -1), ('_multibytecodec', 0, 0, -1)] binaries=[] datas=[]>
encodings.mac_turkish: None -> <PyModule 'encodings.mac_turkish' /home/bjorn/anaconda/envs/seguid/lib/python2.7/encodings/mac_turkish.pyc imports=[('codecs', 0, 0, -1)] binaries=[] datas=[]>
encodings.bz2_codec: None -> <PyModule 'encodings.bz2_codec' /home/bjorn/anaconda/envs/seguid/lib/python2.7/encodings/bz2_codec.pyc imports=[('codecs', 0, 0, -1), ('bz2', 0, 0, -1)] binaries=[] datas=[]>
encodings.cp1253: None -> <PyModule 'encodings.cp1253' /home/bjorn/anaconda/envs/seguid/lib/python2.7/encodings/cp1253.pyc imports=[('codecs', 0, 0, -1)] binaries=[] datas=[]>
encodings.cp1251: None -> <PyModule 'encodings.cp1251' /home/bjorn/anaconda/envs/seguid/lib/python2.7/encodings/cp1251.pyc imports=[('codecs', 0, 0, -1)] binaries=[] datas=[]>
encodings.palmos: None -> <PyModule 'encodings.palmos' /home/bjorn/anaconda/envs/seguid/lib/python2.7/encodings/palmos.pyc imports=[('codecs', 0, 0, -1)] binaries=[] datas=[]>
encodings.hex_codec: None -> <PyModule 'encodings.hex_codec' /home/bjorn/anaconda/envs/seguid/lib/python2.7/encodings/hex_codec.pyc imports=[('binascii', 0, 0, -1), ('codecs', 0, 0, -1)] binaries=[] datas=[]>
encodings.unicode_escape: None -> <PyModule 'encodings.unicode_escape' /home/bjorn/anaconda/envs/seguid/lib/python2.7/encodings/unicode_escape.pyc imports=[('codecs', 0, 0, -1)] binaries=[] datas=[]>
encodings.iso2022_jp_ext: None -> <PyModule 'encodings.iso2022_jp_ext' /home/bjorn/anaconda/envs/seguid/lib/python2.7/encodings/iso2022_jp_ext.pyc imports=[('_codecs_iso2022', 0, 0, -1), ('codecs', 0, 0, -1), ('_multibytecodec', 0, 0, -1)] binaries=[] datas=[]>
encodings.shift_jisx0213: None -> <PyModule 'encodings.shift_jisx0213' /home/bjorn/anaconda/envs/seguid/lib/python2.7/encodings/shift_jisx0213.pyc imports=[('_multibytecodec', 0, 0, -1), ('codecs', 0, 0, -1), ('_codecs_jp', 0, 0, -1)] binaries=[] datas=[]>
encodings.shift_jis: None -> <PyModule 'encodings.shift_jis' /home/bjorn/anaconda/envs/seguid/lib/python2.7/encodings/shift_jis.pyc imports=[('_multibytecodec', 0, 0, -1), ('codecs', 0, 0, -1), ('_codecs_jp', 0, 0, -1)] binaries=[] datas=[]>
encodings.koi8_u: None -> <PyModule 'encodings.koi8_u' /home/bjorn/anaconda/envs/seguid/lib/python2.7/encodings/koi8_u.pyc imports=[('codecs', 0, 0, -1)] binaries=[] datas=[]>
_codecs: None -> <BuiltinModule '_codecs' None imports=[] binaries=[] datas=[]>
encodings._codecs_kr: None -> None
_codecs_kr: None -> <ExtensionModule '_codecs_kr' /home/bjorn/anaconda/envs/seguid/lib/python2.7/lib-dynload/_codecs_kr.so imports=[] binaries=[] datas=[]>
encodings._multibytecodec: None -> None
_multibytecodec: None -> <ExtensionModule '_multibytecodec' /home/bjorn/anaconda/envs/seguid/lib/python2.7/lib-dynload/_multibytecodec.so imports=[] binaries=[] datas=[]>
encodings.sys: None -> None
encodings._codecs_iso2022: None -> None
_codecs_iso2022: None -> <ExtensionModule '_codecs_iso2022' /home/bjorn/anaconda/envs/seguid/lib/python2.7/lib-dynload/_codecs_iso2022.so imports=[] binaries=[] datas=[]>
encodings._codecs_cn: None -> None
_codecs_cn: None -> <ExtensionModule '_codecs_cn' /home/bjorn/anaconda/envs/seguid/lib/python2.7/lib-dynload/_codecs_cn.so imports=[] binaries=[] datas=[]>
encodings.cStringIO: None -> None
encodings.binascii: None -> None
binascii: None -> <ExtensionModule 'binascii' /home/bjorn/anaconda/envs/seguid/lib/python2.7/lib-dynload/binascii.so imports=[] binaries=[] datas=[]>
encodings._codecs_tw: None -> None
_codecs_tw: None -> <ExtensionModule '_codecs_tw' /home/bjorn/anaconda/envs/seguid/lib/python2.7/lib-dynload/_codecs_tw.so imports=[] binaries=[] datas=[]>
encodings.quopri: None -> None
quopri: None -> <PyModule 'quopri' /home/bjorn/anaconda/envs/seguid/lib/python2.7/quopri.pyc imports=[('cStringIO.StringIO', 1, 0, -1), ('getopt', 1, 0, -1), ('binascii.a2b_qp', 0, 0, -1), ('binascii.b2a_qp', 0, 0, -1), ('sys', 1, 0, -1), ('binascii', 0, 0, -1), ('cStringIO', 1, 0, -1)] binaries=[] datas=[]>
encodings.StringIO: None -> None
getopt: None -> <PyModule 'getopt' /home/bjorn/anaconda/envs/seguid/lib/python2.7/getopt.pyc imports=[('sys', 0, 1, -1), ('os', 0, 0, -1)] binaries=[] datas=[]>
encodings.base64: None -> None
base64: None -> <PyModule 'base64' /home/bjorn/anaconda/envs/seguid/lib/python2.7/base64.pyc imports=[('sys', 1, 0, -1), ('binascii', 0, 0, -1), ('re', 0, 0, -1), ('struct', 0, 0, -1), ('getopt', 1, 0, -1)] binaries=[] datas=[]>
_struct: None -> <ExtensionModule '_struct' /home/bjorn/anaconda/envs/seguid/lib/python2.7/lib-dynload/_struct.so imports=[] binaries=[] datas=[]>
encodings.zlib: None -> None
zlib: None -> <ExtensionModule 'zlib' /home/bjorn/anaconda/envs/seguid/lib/python2.7/lib-dynload/zlib.so imports=[] binaries=[] datas=[]>
encodings._codecs_jp: None -> None
_codecs_jp: None -> <ExtensionModule '_codecs_jp' /home/bjorn/anaconda/envs/seguid/lib/python2.7/lib-dynload/_codecs_jp.so imports=[] binaries=[] datas=[]>
encodings._codecs_hk: None -> None
_codecs_hk: None -> <ExtensionModule '_codecs_hk' /home/bjorn/anaconda/envs/seguid/lib/python2.7/lib-dynload/_codecs_hk.so imports=[] binaries=[] datas=[]>
encodings.unicodedata: None -> None
unicodedata: None -> <ExtensionModule 'unicodedata' /home/bjorn/anaconda/envs/seguid/lib/python2.7/lib-dynload/unicodedata.so imports=[] binaries=[] datas=[]>
encodings.re: None -> None
encodings.stringprep: None -> None
stringprep: None -> <PyModule 'stringprep' /home/bjorn/anaconda/envs/seguid/lib/python2.7/stringprep.pyc imports=[('unicodedata', 0, 0, -1), ('unicodedata.ucd_3_2_0', 0, 0, -1)] binaries=[] datas=[]>
encodings.bz2: None -> None
bz2: None -> <ExtensionModule 'bz2' /home/bjorn/anaconda/envs/seguid/lib/python2.7/lib-dynload/bz2.so imports=[] binaries=[] datas=[]>
weakref: None -> <PyModule 'weakref' /home/bjorn/anaconda/envs/seguid/lib/python2.7/weakref.pyc imports=[('_weakrefset', 0, 0, -1), ('_weakref.ProxyType', 0, 0, -1), ('exceptions.ReferenceError', 0, 0, -1), ('_weakref.getweakrefcount', 0, 0, -1), ('copy.deepcopy', 1, 0, -1), ('_weakref.ref', 0, 0, -1), ('_weakref.ReferenceType', 0, 0, -1), ('_weakrefset._IterationGuard', 0, 0, -1), ('exceptions', 0, 0, -1), ('_weakref.getweakrefs', 0, 0, -1), ('_weakref.CallableProxyType', 0, 0, -1), ('copy', 1, 0, -1), ('_weakrefset.WeakSet', 0, 0, -1), ('UserDict', 0, 0, -1), ('_weakref', 0, 0, -1), ('_weakref.proxy', 0, 0, -1)] binaries=[] datas=[]>
org: None -> None
  DEL org
org: None -> None
  DEL org
exceptions: None -> <BuiltinModule 'exceptions' None imports=[] binaries=[] datas=[]>
dis: None -> <PyModule 'dis' /home/bjorn/anaconda/envs/seguid/lib/python2.7/dis.pyc imports=[('opcode', 0, 0, -1), ('opcode.*', 0, 0, -1), ('opcode.__all__', 0, 0, -1), ('sys', 0, 0, -1), ('types', 0, 0, -1)] binaries=[] datas=[]>
imp: None -> <BuiltinModule 'imp' None imports=[] binaries=[] datas=[]>
opcode: None -> <PyModule 'opcode' /home/bjorn/anaconda/envs/seguid/lib/python2.7/opcode.pyc imports=[] binaries=[] datas=[]>
_heapq: None -> <ExtensionModule '_heapq' /home/bjorn/anaconda/envs/seguid/lib/python2.7/lib-dynload/_heapq.so imports=[] binaries=[] datas=[]>
unittest.loader: None -> <PyModule 'unittest.loader' /home/bjorn/anaconda/envs/seguid/lib/python2.7/unittest/loader.pyc imports=[('re', 0, 0, -1), ('sys', 0, 0, -1), ('types', 0, 0, -1), ('os', 0, 0, -1), ('fnmatch.fnmatch', 0, 0, -1), ('fnmatch', 0, 0, -1), ('functools.cmp_to_key', 0, 0, -1), ('suite', 0, 0, 1), ('traceback', 0, 0, -1), ('case', 0, 0, 1), ('functools', 0, 0, -1), ('', 0, 0, 1)] binaries=[] datas=[]>
unittest.result: None -> <PyModule 'unittest.result' /home/bjorn/anaconda/envs/seguid/lib/python2.7/unittest/result.pyc imports=[('functools.wraps', 0, 0, -1), ('sys', 0, 0, -1), ('os', 0, 0, -1), ('StringIO.StringIO', 0, 0, -1), ('StringIO', 0, 0, -1), ('traceback', 0, 0, -1), ('util', 0, 0, 1), ('functools', 0, 0, -1), ('', 0, 0, 1)] binaries=[] datas=[]>
unittest.case: None -> <PyModule 'unittest.case' /home/bjorn/anaconda/envs/seguid/lib/python2.7/unittest/case.pyc imports=[('util._count_diff_hashable', 0, 0, 1), ('collections', 0, 0, -1), ('re', 0, 0, -1), ('util._count_diff_all_purpose', 0, 0, 1), ('sys', 0, 0, -1), ('types', 0, 0, -1), ('', 0, 0, 1), ('warnings', 0, 0, -1), ('util.safe_repr', 0, 0, 1), ('util.unorderable_list_difference', 0, 0, 1), ('difflib', 0, 0, -1), ('util.strclass', 0, 0, 1), ('pprint', 0, 0, -1), ('result', 0, 0, 1), ('util', 0, 0, 1), ('functools', 0, 0, -1)] binaries=[] datas=[]>
unittest.main: None -> <PyModule 'unittest.main' /home/bjorn/anaconda/envs/seguid/lib/python2.7/unittest/main.pyc imports=[('runner', 0, 0, 1), ('sys', 0, 0, -1), ('types', 0, 0, -1), ('os', 0, 0, -1), ('', 0, 0, 1), ('loader', 0, 0, 1), ('optparse', 1, 0, -1), ('getopt', 1, 0, -1), ('signals.installHandler', 0, 0, 1), ('signals', 0, 0, 1)] binaries=[] datas=[]>
unittest.signals: None -> <PyModule 'unittest.signals' /home/bjorn/anaconda/envs/seguid/lib/python2.7/unittest/signals.pyc imports=[('functools', 0, 0, -1), ('functools.wraps', 0, 0, -1), ('signal', 0, 0, -1), ('weakref', 0, 0, -1)] binaries=[] datas=[]>
unittest.suite: None -> <PyModule 'unittest.suite' /home/bjorn/anaconda/envs/seguid/lib/python2.7/unittest/suite.pyc imports=[('util', 0, 0, 1), ('case', 0, 0, 1), ('', 0, 0, 1), ('sys', 0, 0, -1)] binaries=[] datas=[]>
unittest.runner: None -> <PyModule 'unittest.runner' /home/bjorn/anaconda/envs/seguid/lib/python2.7/unittest/runner.pyc imports=[('result', 0, 0, 1), ('sys', 0, 0, -1), ('', 0, 0, 1), ('signals', 0, 0, 1), ('time', 0, 0, -1), ('signals.registerResult', 0, 0, 1)] binaries=[] datas=[]>
unittest.re: None -> None
unittest.sys: None -> None
unittest.types: None -> None
unittest.os: None -> None
unittest.fnmatch: None -> None
unittest.functools: None -> None
unittest.traceback: None -> None
unittest.util: None -> <PyModule 'unittest.util' /home/bjorn/anaconda/envs/seguid/lib/python2.7/unittest/util.pyc imports=[('collections', 0, 0, -1), ('collections.namedtuple', 0, 0, -1), ('collections.OrderedDict', 0, 0, -1)] binaries=[] datas=[]>
unittest.collections: None -> None
unittest.warnings: None -> None
unittest.difflib: None -> None
unittest.pprint: None -> None
unittest.StringIO: None -> None
unittest.optparse: None -> None
unittest.getopt: None -> None
unittest.time: None -> None
unittest.signal: None -> None
unittest.weakref: None -> None
io: None -> <PyModule 'io' /home/bjorn/anaconda/envs/seguid/lib/python2.7/io.pyc imports=[('_io.BytesIO', 0, 0, -1), ('_io.BufferedRWPair', 0, 0, -1), ('_io.FileIO', 0, 0, -1), ('_io', 0, 0, -1), ('_io.IncrementalNewlineDecoder', 0, 0, -1), ('_io.UnsupportedOperation', 0, 0, -1), ('_io.BufferedWriter', 0, 0, -1), ('abc', 0, 0, -1), ('_io.open', 0, 0, -1), ('_io.TextIOWrapper', 0, 0, -1), ('_io.BufferedRandom', 0, 0, -1), ('_io.DEFAULT_BUFFER_SIZE', 0, 0, -1), ('_io.BlockingIOError', 0, 0, -1), ('_io.BufferedReader', 0, 0, -1), ('_io.StringIO', 0, 0, -1)] binaries=[] datas=[]>
hashlib: None -> <PyModule 'hashlib' /home/bjorn/anaconda/envs/seguid/lib/python2.7/hashlib.pyc imports=[('_sha256', 1, 1, -1), ('logging', 0, 1, -1), ('_hashlib.pbkdf2_hmac', 0, 0, -1), ('binascii', 0, 1, -1), ('_sha512', 1, 1, -1), ('_sha', 1, 1, -1), ('_md5', 1, 1, -1), ('struct', 0, 1, -1), ('_hashlib', 0, 0, -1)] binaries=[] datas=[]>
math: None -> <ExtensionModule 'math' /home/bjorn/anaconda/envs/seguid/lib/python2.7/lib-dynload/math.so imports=[] binaries=[] datas=[]>
_random: None -> <ExtensionModule '_random' /home/bjorn/anaconda/envs/seguid/lib/python2.7/lib-dynload/_random.so imports=[] binaries=[] datas=[]>
_sha256: None -> None
  DEL _sha256
logging: None -> <PkgModule 'logging' /home/bjorn/anaconda/envs/seguid/lib/python2.7/logging/__init__.pyc imports=[('collections', 0, 0, -1), ('threading', 0, 0, -1), ('sys', 0, 0, -1), ('os', 0, 0, -1), ('warnings', 0, 0, -1), ('atexit', 0, 0, -1), ('thread', 0, 0, -1), ('cStringIO', 0, 0, -1), ('traceback', 0, 0, -1), ('codecs', 0, 0, -1), ('time', 0, 0, -1), ('weakref', 0, 0, -1)] binaries=[] datas=[]>
_hashlib: None -> <ExtensionModule '_hashlib' /home/bjorn/anaconda/envs/seguid/lib/python2.7/lib-dynload/_hashlib.so imports=[] binaries=[] datas=[]>
_sha512: None -> None
  DEL _sha512
_sha: None -> None
  DEL _sha
_md5: None -> None
  DEL _md5
logging.collections: None -> None
logging.threading: None -> None
logging.sys: None -> None
logging.os: None -> None
logging.warnings: None -> None
logging.atexit: None -> None
atexit: None -> <PyModule 'atexit' /home/bjorn/anaconda/envs/seguid/lib/python2.7/atexit.pyc imports=[('traceback', 1, 1, -1), ('sys', 0, 0, -1)] binaries=[] datas=[]>
logging.thread: None -> None
logging.cStringIO: None -> None
logging.traceback: None -> None
logging.codecs: None -> None
logging.time: None -> None
logging.weakref: None -> None
_io: None -> <ExtensionModule '_io' /home/bjorn/anaconda/envs/seguid/lib/python2.7/lib-dynload/_io.so imports=[] binaries=[] datas=[]>
marshal: None -> <BuiltinModule 'marshal' None imports=[] binaries=[] datas=[]>
org: None -> None
  DEL org
org: None -> None
  DEL org
ntpath: None -> <PyModule 'ntpath' /home/bjorn/anaconda/envs/seguid/lib/python2.7/ntpath.pyc imports=[('sys', 0, 0, -1), ('os', 0, 0, -1), ('nt._getfullpathname', 0, 0, -1), ('warnings', 0, 0, -1), ('nt._isdir', 0, 0, -1), ('genericpath', 0, 0, -1), ('stat', 0, 0, -1), ('nt', 0, 0, -1), ('string', 1, 0, -1), ('genericpath.*', 0, 0, -1)] binaries=[] datas=[]>
nt: None -> None
  DEL nt
nt: None -> None
  DEL nt
nt: None -> None
  DEL nt
nt: None -> None
  DEL nt
nt: None -> None
  DEL nt
nt: None -> None
  DEL nt
pydoc: None -> <PyModule 'pydoc' /home/bjorn/anaconda/envs/seguid/lib/python2.7/pydoc.pyc imports=[('collections.deque', 0, 0, -1), ('string.rfind', 0, 0, -1), ('tty', 1, 0, -1), ('os', 0, 0, -1), ('warnings', 0, 0, -1), ('pkgutil', 0, 0, -1), ('string.rstrip', 0, 0, -1), ('locale', 0, 1, -1), ('getopt', 1, 0, -1), ('pydoc_data.topics', 1, 0, -1), ('string.find', 0, 0, -1), ('traceback.extract_tb', 0, 0, -1), ('sys', 0, 0, -1), ('formatter', 1, 1, -1), ('string.join', 0, 0, -1), ('string', 0, 0, -1), ('webbrowser', 1, 0, -1), ('repr', 0, 0, -1), ('string.expandtabs', 0, 0, -1), ('BaseHTTPServer', 1, 0, -1), ('collections', 0, 0, -1), ('string.split', 0, 0, -1), ('types', 0, 0, -1), ('StringIO', 1, 1, -1), ('repr.Repr', 0, 0, -1), ('string.strip', 0, 0, -1), ('re', 0, 0, -1), ('threading', 1, 0, -1), ('tempfile', 1, 0, -1), ('string.lower', 0, 0, -1), ('inspect', 0, 0, -1), ('select', 1, 0, -1), ('nturl2path', 1, 1, -1), ('imp', 0, 0, -1), ('mimetools', 1, 0, -1), ('__builtin__', 0, 0, -1), ('traceback', 0, 0, -1)] binaries=[] datas=[]>
tty: None -> <PyModule 'tty' /home/bjorn/anaconda/envs/seguid/lib/python2.7/tty.pyc imports=[('termios.*', 0, 0, -1), ('termios', 0, 0, -1)] binaries=[] datas=[]>
pkgutil: None -> <PyModule 'pkgutil' /home/bjorn/anaconda/envs/seguid/lib/python2.7/pkgutil.pyc imports=[('imp', 0, 0, -1), ('sys', 0, 0, -1), ('types', 0, 0, -1), ('os', 0, 0, -1), ('os.path', 0, 0, -1), ('zipimport.zipimporter', 0, 0, -1), ('zipimport', 0, 0, -1), ('marshal', 1, 0, -1), ('types.ModuleType', 0, 0, -1), ('inspect', 1, 0, -1)] binaries=[] datas=[]>
pydoc_data: None -> <PkgModule 'pydoc_data' /home/bjorn/anaconda/envs/seguid/lib/python2.7/pydoc_data/__init__.pyc imports=[] binaries=[] datas=[]>
pydoc_data.topics: None -> <PyModule 'pydoc_data.topics' /home/bjorn/anaconda/envs/seguid/lib/python2.7/pydoc_data/topics.pyc imports=[] binaries=[] datas=[]>
formatter: None -> <PyModule 'formatter' /home/bjorn/anaconda/envs/seguid/lib/python2.7/formatter.pyc imports=[('sys', 0, 0, -1)] binaries=[] datas=[]>
webbrowser: None -> <PyModule 'webbrowser' /home/bjorn/anaconda/envs/seguid/lib/python2.7/webbrowser.pyc imports=[('sys', 0, 0, -1), ('copy', 1, 1, -1), ('os', 0, 0, -1), ('glob', 1, 0, -1), ('tempfile', 1, 0, -1), ('stat', 0, 0, -1), ('subprocess', 0, 0, -1), ('pwd', 1, 0, -1), ('getopt', 1, 0, -1), ('socket', 1, 0, -1), ('time', 0, 0, -1), ('shlex', 0, 0, -1)] binaries=[] datas=[]>
BaseHTTPServer: None -> <PyModule 'BaseHTTPServer' /home/bjorn/anaconda/envs/seguid/lib/python2.7/BaseHTTPServer.pyc imports=[('sys', 0, 0, -1), ('warnings', 0, 0, -1), ('socket', 0, 0, -1), ('SocketServer', 0, 0, -1), ('warnings.catch_warnings', 0, 0, -1), ('mimetools', 0, 0, -1), ('warnings.filterwarnings', 0, 0, -1), ('time', 0, 0, -1)] binaries=[] datas=[]>
nturl2path: None -> <PyModule 'nturl2path' /home/bjorn/anaconda/envs/seguid/lib/python2.7/nturl2path.pyc imports=[('urllib', 1, 0, -1), ('string', 1, 0, -1)] binaries=[] datas=[]>
mimetools: None -> <PyModule 'mimetools' /home/bjorn/anaconda/envs/seguid/lib/python2.7/mimetools.pyc imports=[('warnings.warnpy3k', 0, 0, -1), ('sys', 0, 0, -1), ('uu', 1, 1, -1), ('os', 0, 0, -1), ('rfc822', 0, 0, -1), ('quopri', 1, 1, -1), ('warnings', 0, 0, -1), ('dummy_thread', 0, 1, -1), ('socket', 1, 1, -1), ('thread', 0, 0, -1), ('warnings.catch_warnings', 0, 0, -1), ('time', 1, 0, -1), ('base64', 1, 1, -1), ('warnings.filterwarnings', 0, 0, -1), ('tempfile', 0, 0, -1)] binaries=[] datas=[]>
termios: None -> <ExtensionModule 'termios' /home/bjorn/anaconda/envs/seguid/lib/python2.7/lib-dynload/termios.so imports=[] binaries=[] datas=[]>
zipimport: None -> <BuiltinModule 'zipimport' None imports=[] binaries=[] datas=[]>
glob: None -> <PyModule 'glob' /home/bjorn/anaconda/envs/seguid/lib/python2.7/glob.pyc imports=[('os', 0, 0, -1), ('re', 0, 0, -1), ('sys', 0, 0, -1), ('fnmatch', 0, 0, -1)] binaries=[] datas=[]>
socket: None -> <PyModule 'socket' /home/bjorn/anaconda/envs/seguid/lib/python2.7/socket.pyc imports=[('_ssl.SSL_ERROR_EOF', 0, 1, -1), ('functools.partial', 0, 0, -1), ('_ssl.RAND_add', 0, 1, -1), ('os', 0, 0, -1), ('warnings', 0, 0, -1), ('_ssl.RAND_egd', 0, 1, -1), ('_ssl', 0, 1, -1), ('sys', 0, 0, -1), ('ssl', 1, 0, -1), ('cStringIO', 0, 0, -1), ('_ssl.SSL_ERROR_INVALID_ERROR_CODE', 0, 1, -1), ('_ssl.SSL_ERROR_WANT_X509_LOOKUP', 0, 1, -1), ('_ssl.SSL_ERROR_WANT_CONNECT', 0, 1, -1), ('_ssl.SSL_ERROR_SYSCALL', 0, 1, -1), ('_ssl.SSL_ERROR_WANT_WRITE', 0, 1, -1), ('_socket.*', 0, 0, -1), ('types', 0, 0, -1), ('_ssl.SSL_ERROR_WANT_READ', 0, 1, -1), ('_ssl', 0, 0, -1), ('_socket', 0, 0, -1), ('_ssl.RAND_status', 0, 1, -1), ('StringIO.StringIO', 0, 1, -1), ('cStringIO.StringIO', 0, 0, -1), ('errno', 0, 0, -1), ('_ssl.SSL_ERROR_SSL', 0, 1, -1), ('_ssl.SSL_ERROR_ZERO_RETURN', 0, 1, -1), ('functools', 0, 0, -1), ('types.MethodType', 0, 0, -1), ('_ssl.SSLError', 0, 1, -1), ('StringIO', 0, 1, -1)] binaries=[] datas=[]>
_ssl: None -> <ExtensionModule '_ssl' /home/bjorn/anaconda/envs/seguid/lib/python2.7/lib-dynload/_ssl.so imports=[] binaries=[] datas=[]>
ssl: None -> <PyModule 'ssl' /home/bjorn/anaconda/envs/seguid/lib/python2.7/ssl.pyc imports=[('_ssl.SSLSyscallError', 0, 0, -1), ('_ssl.OPENSSL_VERSION', 0, 0, -1), ('_ssl.VERIFY_CRL_CHECK_LEAF', 0, 0, -1), ('_ssl.RAND_status', 0, 0, -1), ('os', 0, 0, -1), ('socket._fileobject', 0, 0, -1), ('_ssl.CERT_OPTIONAL', 0, 0, -1), ('_ssl.HAS_NPN', 0, 0, -1), ('_ssl.SSLWantReadError', 0, 0, -1), ('_ssl.SSLEOFError', 0, 0, -1), ('socket.SOCK_STREAM', 0, 0, -1), ('_ssl.OPENSSL_VERSION_INFO', 0, 0, -1), ('calendar', 1, 0, -1), ('contextlib', 0, 0, -1), ('_ssl.RAND_egd', 0, 0, -1), ('sys', 0, 0, -1), ('_ssl.HAS_ECDH', 0, 0, -1), ('socket.SO_TYPE', 0, 0, -1), ('contextlib.closing', 0, 0, -1), ('time.strptime', 1, 0, -1), ('socket.error', 0, 0, -1), ('_ssl', 0, 1, -1), ('textwrap', 0, 0, -1), ('_ssl.VERIFY_X509_STRICT', 0, 0, -1), ('_ssl.RAND_add', 0, 0, -1), ('socket.create_connection', 0, 0, -1), ('_ssl.OPENSSL_VERSION_NUMBER', 0, 0, -1), ('_ssl._SSLContext', 0, 0, -1), ('_ssl.VERIFY_CRL_CHECK_CHAIN', 0, 0, -1), ('collections', 0, 0, -1), ('_ssl.CERT_REQUIRED', 0, 0, -1), ('_ssl.SSLError', 0, 0, -1), ('_ssl.txt2obj', 0, 0, -1), ('_ssl.SSLZeroReturnError', 0, 0, -1), ('_ssl._OPENSSL_API_VERSION', 0, 0, -1), ('_ssl.enum_crls', 0, 1, -1), ('_ssl.nid2obj', 0, 0, -1), ('_ssl.enum_certificates', 0, 1, -1), ('_ssl', 0, 0, -1), ('base64', 0, 0, -1), ('socket', 0, 0, -1), ('calendar.timegm', 1, 0, -1), ('errno', 0, 0, -1), ('collections.namedtuple', 0, 0, -1), ('_ssl.CERT_NONE', 0, 0, -1), ('socket._delegate_methods', 0, 0, -1), ('re', 0, 0, -1), ('_ssl.SSLWantWriteError', 0, 0, -1), ('time', 1, 0, -1), ('_ssl.VERIFY_DEFAULT', 0, 0, -1), ('_ssl.HAS_SNI', 0, 0, -1), ('socket.socket', 0, 0, -1), ('socket.AF_INET', 0, 0, -1), ('socket.SOL_SOCKET', 0, 0, -1)] binaries=[] datas=[]>
_socket: None -> <ExtensionModule '_socket' /home/bjorn/anaconda/envs/seguid/lib/python2.7/lib-dynload/_socket.so imports=[] binaries=[] datas=[]>
contextlib: None -> <PyModule 'contextlib' /home/bjorn/anaconda/envs/seguid/lib/python2.7/contextlib.pyc imports=[('functools.wraps', 0, 0, -1), ('functools', 0, 0, -1), ('warnings', 0, 0, -1), ('sys', 0, 0, -1), ('warnings.warn', 0, 0, -1)] binaries=[] datas=[]>
SocketServer: None -> <PyModule 'SocketServer' /home/bjorn/anaconda/envs/seguid/lib/python2.7/SocketServer.pyc imports=[('threading', 0, 0, -1), ('sys', 0, 0, -1), ('select', 0, 0, -1), ('os', 0, 0, -1), ('StringIO', 1, 1, -1), ('StringIO.StringIO', 1, 1, -1), ('cStringIO.StringIO', 1, 0, -1), ('socket', 0, 0, -1), ('errno', 0, 0, -1), ('cStringIO', 1, 0, -1), ('dummy_threading', 0, 1, -1), ('traceback', 1, 0, -1)] binaries=[] datas=[]>
dummy_threading: None -> <PyModule 'dummy_threading' /home/bjorn/anaconda/envs/seguid/lib/python2.7/dummy_threading.pyc imports=[('dummy_thread', 0, 0, -1), ('threading', 0, 0, -1), ('sys', 0, 0, -1), ('_dummy_threading', 0, 0, -1), ('_dummy_threading.__all__', 0, 0, -1), ('_dummy_threading.*', 0, 0, -1), ('sys.modules', 0, 0, -1)] binaries=[] datas=[]>
_dummy_threading: None -> None
  DEL _dummy_threading
_dummy_threading: None -> None
  DEL _dummy_threading
_dummy_threading: None -> None
  DEL _dummy_threading
uu: None -> <PyModule 'uu' /home/bjorn/anaconda/envs/seguid/lib/python2.7/uu.pyc imports=[('optparse', 1, 0, -1), ('binascii', 0, 0, -1), ('sys', 0, 0, -1), ('os', 0, 0, -1)] binaries=[] datas=[]>
rfc822: None -> <PyModule 'rfc822' /home/bjorn/anaconda/envs/seguid/lib/python2.7/rfc822.pyc imports=[('sys', 0, 1, -1), ('warnings', 0, 0, -1), ('warnings.warnpy3k', 0, 0, -1), ('time', 0, 0, -1), ('os', 0, 1, -1)] binaries=[] datas=[]>
urllib: None -> <PyModule 'urllib' /home/bjorn/anaconda/envs/seguid/lib/python2.7/urllib.pyc imports=[('ssl', 0, 0, -1), ('cStringIO.StringIO', 1, 0, -1), ('os', 0, 0, -1), ('email.utils', 1, 0, -1), ('StringIO', 1, 1, -1), ('nturl2path.url2pathname', 0, 1, -1), ('re', 1, 0, -1), ('cStringIO', 1, 1, -1), ('_scproxy._get_proxy_settings', 0, 1, -1), ('tempfile', 1, 1, -1), ('ftplib', 1, 0, -1), ('fnmatch', 1, 0, -1), ('re', 1, 1, -1), ('sys', 0, 0, -1), ('_scproxy', 0, 1, -1), ('mimetools', 1, 0, -1), ('warnings.warnpy3k', 1, 0, -1), ('string', 0, 0, -1), ('cStringIO.StringIO', 1, 1, -1), ('nturl2path.pathname2url', 0, 1, -1), ('warnings', 1, 0, -1), ('time', 0, 0, -1), ('_scproxy._get_proxies', 0, 1, -1), ('rourl2path.pathname2url', 0, 1, -1), ('urlparse', 0, 0, -1), ('mimetypes', 1, 0, -1), ('rourl2path', 0, 1, -1), ('socket', 0, 0, -1), ('base64', 0, 0, -1), ('ftplib', 1, 1, -1), ('getpass', 1, 0, -1), ('cStringIO', 1, 0, -1), ('re', 0, 0, -1), ('httplib', 1, 0, -1), ('urlparse.urljoin', 0, 0, -1), ('rourl2path.url2pathname', 0, 1, -1), ('nturl2path', 0, 1, -1), ('_winreg', 1, 0, -1), ('mimetools', 1, 1, -1), ('fnmatch.fnmatch', 1, 0, -1), ('socket', 1, 0, -1), ('StringIO.StringIO', 1, 1, -1)] binaries=[] datas=[]>
email: None -> <PkgModule 'email' /home/bjorn/anaconda/envs/seguid/lib/python2.7/email/__init__.pyc imports=[('email.mime', 0, 0, -1), ('email.parser.Parser', 1, 0, -1), ('sys', 0, 0, -1), ('email.parser', 1, 0, -1), ('email.charset', 0, 0, -1), ('email.encoders', 0, 0, -1), ('email.errors', 0, 0, -1), ('email.feedparser', 0, 0, -1), ('email.generator', 0, 0, -1), ('email.header', 0, 0, -1), ('email.iterators', 0, 0, -1), ('email.message', 0, 0, -1), ('email.parser', 0, 0, -1), ('email.utils', 0, 0, -1), ('email.base64mime', 0, 0, -1), ('email.quoprimime', 0, 0, -1), ('email.mime.audio', 0, 0, -1), ('email.mime.base', 0, 0, -1), ('email.mime.image', 0, 0, -1), ('email.mime.message', 0, 0, -1), ('email.mime.multipart', 0, 0, -1), ('email.mime.nonmultipart', 0, 0, -1), ('email.mime.text', 0, 0, -1)] binaries=[] datas=[]>
email.utils: None -> <PyModule 'email.utils' /home/bjorn/anaconda/envs/seguid/lib/python2.7/email/utils.pyc imports=[('email._parseaddr', 0, 0, -1), ('email.encoders', 0, 0, -1), ('re', 0, 0, -1), ('email._parseaddr.parsedate', 0, 0, -1), ('email._parseaddr.parsedate_tz', 0, 0, -1), ('email._parseaddr.quote', 0, 0, -1), ('os', 0, 0, -1), ('urllib', 1, 0, -1), ('email._parseaddr.mktime_tz', 0, 0, -1), ('warnings', 0, 0, -1), ('quopri.decodestring', 0, 0, -1), ('socket', 0, 0, -1), ('email.encoders._qencode', 0, 0, -1), ('random', 0, 0, -1), ('urllib', 0, 0, -1), ('base64', 0, 0, -1), ('email.encoders._bencode', 0, 0, -1), ('time', 0, 0, -1), ('quopri', 0, 0, -1), ('email._parseaddr.AddressList', 0, 0, -1)] binaries=[] datas=[]>
_scproxy: None -> None
  DEL _scproxy
ftplib: None -> <PyModule 'ftplib' /home/bjorn/anaconda/envs/seguid/lib/python2.7/ftplib.pyc imports=[('ssl', 0, 0, -1), ('sys', 0, 0, -1), ('os', 0, 0, -1), ('re', 1, 1, -1), ('socket', 0, 0, -1), ('socket._GLOBAL_DEFAULT_TIMEOUT', 0, 0, -1), ('SOCKS', 0, 0, -1), ('socket', 0, 1, -1), ('socket.getfqdn', 0, 0, -1)] binaries=[] datas=[]>
_scproxy: None -> None
  DEL _scproxy
_scproxy: None -> None
  DEL _scproxy
rourl2path: None -> None
  DEL rourl2path
urlparse: None -> <PyModule 'urlparse' /home/bjorn/anaconda/envs/seguid/lib/python2.7/urlparse.pyc imports=[('collections', 0, 0, -1), ('re', 0, 0, -1), ('collections.namedtuple', 0, 0, -1)] binaries=[] datas=[]>
mimetypes: None -> <PyModule 'mimetypes' /home/bjorn/anaconda/envs/seguid/lib/python2.7/mimetypes.pyc imports=[('_winreg', 0, 0, -1), ('sys', 0, 0, -1), ('os', 0, 0, -1), ('urllib', 0, 0, -1), ('posixpath', 0, 0, -1), ('getopt', 0, 1, -1)] binaries=[] datas=[]>
rourl2path: None -> None
  DEL rourl2path
getpass: None -> <PyModule 'getpass' /home/bjorn/anaconda/envs/seguid/lib/python2.7/getpass.pyc imports=[('sys', 0, 0, -1), ('os', 0, 0, -1), ('EasyDialogs', 0, 1, -1), ('warnings', 0, 0, -1), ('EasyDialogs.AskPassword', 0, 1, -1), ('msvcrt', 1, 0, -1), ('msvcrt', 0, 1, -1), ('pwd', 1, 0, -1), ('termios', 0, 0, -1), ('os', 1, 0, -1)] binaries=[] datas=[]>
httplib: None -> <PyModule 'httplib' /home/bjorn/anaconda/envs/seguid/lib/python2.7/httplib.pyc imports=[('sys.py3kwarning', 0, 0, -1), ('ssl', 0, 0, -1), ('sys', 0, 0, -1), ('os', 0, 0, -1), ('array', 0, 0, -1), ('warnings', 0, 0, -1), ('socket', 0, 0, -1), ('cStringIO', 0, 0, -1), ('mimetools', 0, 0, -1), ('array.array', 0, 0, -1), ('StringIO.StringIO', 0, 1, -1), ('cStringIO.StringIO', 0, 0, -1), ('StringIO', 0, 1, -1), ('urlparse.urlsplit', 0, 0, -1), ('urlparse', 0, 0, -1), ('_ssl', 0, 0, -1), ('ssl', 0, 0, -1)] binaries=[] datas=[]>
rourl2path: None -> None
  DEL rourl2path
_winreg: None -> None
  DEL _winreg
email.email: None -> None
email.mime: None -> <PkgModule 'email.mime' /home/bjorn/anaconda/envs/seguid/lib/python2.7/email/mime/__init__.pyc imports=[] binaries=[] datas=[]>
email.parser: None -> <PyModule 'email.parser' /home/bjorn/anaconda/envs/seguid/lib/python2.7/email/parser.pyc imports=[('email.message', 0, 0, -1), ('warnings', 0, 0, -1), ('cStringIO', 0, 0, -1), ('email.feedparser', 0, 0, -1), ('cStringIO.StringIO', 0, 0, -1), ('email.feedparser.FeedParser', 0, 0, -1), ('email.message.Message', 0, 0, -1)] binaries=[] datas=[]>
email.sys: None -> None
email.charset: None -> <PyModule 'email.charset' /home/bjorn/anaconda/envs/seguid/lib/python2.7/email/charset.pyc imports=[('email.encoders', 0, 0, -1), ('email.quoprimime', 0, 0, -1), ('email', 0, 0, -1), ('email.errors', 0, 0, -1), ('email.base64mime', 0, 0, -1), ('email.encoders.encode_7or8bit', 0, 0, -1), ('codecs', 0, 0, -1)] binaries=[] datas=[]>
email.encoders: None -> <PyModule 'email.encoders' /home/bjorn/anaconda/envs/seguid/lib/python2.7/email/encoders.pyc imports=[('base64', 0, 0, -1), ('quopri.encodestring', 0, 0, -1), ('quopri', 0, 0, -1)] binaries=[] datas=[]>
email.errors: None -> <PyModule 'email.errors' /home/bjorn/anaconda/envs/seguid/lib/python2.7/email/errors.pyc imports=[] binaries=[] datas=[]>
email.feedparser: None -> <PyModule 'email.feedparser' /home/bjorn/anaconda/envs/seguid/lib/python2.7/email/feedparser.pyc imports=[('email.errors', 0, 0, -1), ('re', 0, 0, -1), ('email', 0, 0, -1), ('email.message', 0, 0, -1)] binaries=[] datas=[]>
email.generator: None -> <PyModule 'email.generator' /home/bjorn/anaconda/envs/seguid/lib/python2.7/email/generator.pyc imports=[('re', 0, 0, -1), ('sys', 0, 0, -1), ('warnings', 0, 0, -1), ('email.header.Header', 0, 0, -1), ('email.header', 0, 0, -1), ('cStringIO.StringIO', 0, 0, -1), ('cStringIO', 0, 0, -1), ('random', 0, 0, -1), ('time', 0, 0, -1)] binaries=[] datas=[]>
email.header: None -> <PyModule 'email.header' /home/bjorn/anaconda/envs/seguid/lib/python2.7/email/header.pyc imports=[('re', 0, 0, -1), ('email.quoprimime', 0, 0, -1), ('email.errors', 0, 0, -1), ('email.charset.Charset', 0, 0, -1), ('email.base64mime', 0, 0, -1), ('email.errors.HeaderParseError', 0, 0, -1), ('binascii', 0, 0, -1), ('email.charset', 0, 0, -1)] binaries=[] datas=[]>
email.iterators: None -> <PyModule 'email.iterators' /home/bjorn/anaconda/envs/seguid/lib/python2.7/email/iterators.pyc imports=[('cStringIO.StringIO', 0, 0, -1), ('cStringIO', 0, 0, -1), ('sys', 0, 0, -1)] binaries=[] datas=[]>
email.message: None -> <PyModule 'email.message' /home/bjorn/anaconda/envs/seguid/lib/python2.7/email/message.pyc imports=[('re', 0, 0, -1), ('email.iterators', 1, 0, -1), ('email', 0, 0, -1), ('email.errors', 0, 0, -1), ('email.iterators.walk', 1, 0, -1), ('warnings', 0, 0, -1), ('email.generator.Generator', 1, 0, -1), ('cStringIO', 0, 0, -1), ('email.utils', 0, 0, -1), ('cStringIO.StringIO', 0, 0, -1), ('binascii', 0, 0, -1), ('email.charset', 0, 0, -1), ('uu', 0, 0, -1), ('email.generator', 1, 0, -1), ('email.iterators', 0, 0, -1), ('email.generator', 0, 0, -1)] binaries=[] datas=[]>
email.base64mime: None -> <PyModule 'email.base64mime' /home/bjorn/anaconda/envs/seguid/lib/python2.7/email/base64mime.pyc imports=[('email.utils.fix_eols', 0, 0, -1), ('binascii', 0, 0, -1), ('email.utils', 0, 0, -1), ('binascii.a2b_base64', 0, 0, -1), ('binascii.b2a_base64', 0, 0, -1)] binaries=[] datas=[]>
email.quoprimime: None -> <PyModule 'email.quoprimime' /home/bjorn/anaconda/envs/seguid/lib/python2.7/email/quoprimime.pyc imports=[('string.hexdigits', 0, 0, -1), ('re', 0, 0, -1), ('email.utils.fix_eols', 0, 0, -1), ('string', 0, 0, -1), ('email.utils', 0, 0, -1)] binaries=[] datas=[]>
email.mime.audio: None -> <PyModule 'email.mime.audio' /home/bjorn/anaconda/envs/seguid/lib/python2.7/email/mime/audio.pyc imports=[('email.encoders', 0, 0, -1), ('email', 0, 0, -1), ('sndhdr', 0, 0, -1), ('email.mime.nonmultipart.MIMENonMultipart', 0, 0, -1), ('cStringIO', 0, 0, -1), ('email.mime.nonmultipart', 0, 0, -1), ('cStringIO.StringIO', 0, 0, -1)] binaries=[] datas=[]>
email.mime.base: None -> <PyModule 'email.mime.base' /home/bjorn/anaconda/envs/seguid/lib/python2.7/email/mime/base.pyc imports=[('email', 0, 0, -1), ('email.message', 0, 0, -1)] binaries=[] datas=[]>
email.mime.image: None -> <PyModule 'email.mime.image' /home/bjorn/anaconda/envs/seguid/lib/python2.7/email/mime/image.pyc imports=[('email.encoders', 0, 0, -1), ('email.mime.nonmultipart.MIMENonMultipart', 0, 0, -1), ('imghdr', 0, 0, -1), ('email.mime.nonmultipart', 0, 0, -1), ('email', 0, 0, -1)] binaries=[] datas=[]>
email.mime.message: None -> <PyModule 'email.mime.message' /home/bjorn/anaconda/envs/seguid/lib/python2.7/email/mime/message.pyc imports=[('email.mime.nonmultipart.MIMENonMultipart', 0, 0, -1), ('email.mime.nonmultipart', 0, 0, -1), ('email', 0, 0, -1), ('email.message', 0, 0, -1)] binaries=[] datas=[]>
email.mime.multipart: None -> <PyModule 'email.mime.multipart' /home/bjorn/anaconda/envs/seguid/lib/python2.7/email/mime/multipart.pyc imports=[('email.mime.base', 0, 0, -1), ('email.mime.base.MIMEBase', 0, 0, -1)] binaries=[] datas=[]>
email.mime.nonmultipart: None -> <PyModule 'email.mime.nonmultipart' /home/bjorn/anaconda/envs/seguid/lib/python2.7/email/mime/nonmultipart.pyc imports=[('email.errors', 0, 0, -1), ('email.mime.base', 0, 0, -1), ('email.mime.base.MIMEBase', 0, 0, -1), ('email', 0, 0, -1)] binaries=[] datas=[]>
email.mime.text: None -> <PyModule 'email.mime.text' /home/bjorn/anaconda/envs/seguid/lib/python2.7/email/mime/text.pyc imports=[('email.encoders', 0, 0, -1), ('email.mime.nonmultipart.MIMENonMultipart', 0, 0, -1), ('email.encoders.encode_7or8bit', 0, 0, -1), ('email.mime.nonmultipart', 0, 0, -1)] binaries=[] datas=[]>
email.warnings: None -> None
email.cStringIO: None -> None
email.re: None -> None
email.binascii: None -> None
email.uu: None -> None
email.random: None -> None
email.time: None -> None
email.string: None -> None
email._parseaddr: None -> <PyModule 'email._parseaddr' /home/bjorn/anaconda/envs/seguid/lib/python2.7/email/_parseaddr.pyc imports=[('calendar', 0, 0, -1), ('time', 0, 0, -1)] binaries=[] datas=[]>
email.os: None -> None
email.urllib: None -> None
email.quopri: None -> None
email.socket: None -> None
email.base64: None -> None
email.calendar: None -> None
email.codecs: None -> None
email.mime.email: None -> None
email.mime.sndhdr: None -> None
sndhdr: None -> <PyModule 'sndhdr' /home/bjorn/anaconda/envs/seguid/lib/python2.7/sndhdr.pyc imports=[('sys', 1, 0, -1), ('aifc', 1, 0, -1), ('glob', 1, 1, -1), ('os', 1, 0, -1)] binaries=[] datas=[]>
email.mime.cStringIO: None -> None
aifc: None -> <PyModule 'aifc' /home/bjorn/anaconda/envs/seguid/lib/python2.7/aifc.pyc imports=[('cl', 1, 1, -1), ('struct', 0, 0, -1), ('audioop', 1, 0, -1), ('chunk.Chunk', 0, 0, -1), ('__builtin__', 0, 0, -1), ('sys', 0, 1, -1), ('cl', 1, 0, -1), ('math', 1, 0, -1), ('chunk', 0, 0, -1), ('audioop', 1, 1, -1)] binaries=[] datas=[]>
cl: None -> None
  DEL cl
audioop: None -> <ExtensionModule 'audioop' /home/bjorn/anaconda/envs/seguid/lib/python2.7/lib-dynload/audioop.so imports=[] binaries=[] datas=[]>
chunk: None -> <PyModule 'chunk' /home/bjorn/anaconda/envs/seguid/lib/python2.7/chunk.pyc imports=[('struct', 1, 0, -1)] binaries=[] datas=[]>
cl: None -> None
  DEL cl
email.mime.imghdr: None -> None
imghdr: None -> <PyModule 'imghdr' /home/bjorn/anaconda/envs/seguid/lib/python2.7/imghdr.pyc imports=[('sys', 1, 0, -1), ('glob', 1, 1, -1), ('os', 1, 0, -1)] binaries=[] datas=[]>
SOCKS: None -> None
  DEL SOCKS
_winreg: None -> None
  DEL _winreg
EasyDialogs: None -> None
  DEL EasyDialogs
EasyDialogs: None -> None
  DEL EasyDialogs
msvcrt: None -> None
  DEL msvcrt
msvcrt: None -> None
  DEL msvcrt
__main__: <PyScript '__main__' /home/bjorn/anaconda/envs/seguid/lib/python2.7/site-packages/PyInstaller/loader/_pyi_bootstrap.py imports=[('sys', 0, 0, -1), ('os', 0, 0, -1), ('pyi_archive', 0, 0, -1), ('pyi_os_path', 0, 0, -1), ('site', 0, 0, -1), ('pyi_importers', 0, 0, -1), ('warnings', 0, 1, -1), ('encodings', 0, 0, -1)] binaries=[] datas=[]> -> <PyScript '__main__' /home/bjorn/anaconda/envs/seguid/lib/python2.7/site-packages/PyInstaller/loader/pyi_importers.py imports=[('pyi_archive.ZlibArchive', 0, 0, -1), ('imp', 0, 0, -1), ('sys', 0, 0, -1), ('pyi_archive.ArchiveReadError', 0, 0, -1), ('pyi_archive', 0, 0, -1), ('pyi_os_path', 0, 0, -1)] binaries=[] datas=[]>
_emx_link: None -> None
  DEL _emx_link
_emx_link: None -> None
  DEL _emx_link
_subprocess: None -> None
  DEL _subprocess
_subprocess: None -> None
  DEL _subprocess
_subprocess: None -> None
  DEL _subprocess
_subprocess: None -> None
  DEL _subprocess
_subprocess: None -> None
  DEL _subprocess
msvcrt: None -> None
  DEL msvcrt
_subprocess: None -> None
  DEL _subprocess
_subprocess: None -> None
  DEL _subprocess
_subprocess: None -> None
  DEL _subprocess
_subprocess: None -> None
  DEL _subprocess
org: None -> None
  DEL org
org: None -> None
  DEL org
_sha256: None -> None
  DEL _sha256
_sha512: None -> None
  DEL _sha512
_sha: None -> None
  DEL _sha
_md5: None -> None
  DEL _md5
org: None -> None
  DEL org
org: None -> None
  DEL org
nt: None -> None
  DEL nt
nt: None -> None
  DEL nt
nt: None -> None
  DEL nt
nt: None -> None
  DEL nt
nt: None -> None
  DEL nt
nt: None -> None
  DEL nt
__main__: <PyScript '__main__' /home/bjorn/anaconda/envs/seguid/lib/python2.7/site-packages/PyInstaller/loader/pyi_importers.py imports=[('pyi_archive.ZlibArchive', 0, 0, -1), ('imp', 0, 0, -1), ('sys', 0, 0, -1), ('pyi_archive.ArchiveReadError', 0, 0, -1), ('pyi_archive', 0, 0, -1), ('pyi_os_path', 0, 0, -1)] binaries=[] datas=[]> -> <PyScript '__main__' /home/bjorn/anaconda/envs/seguid/lib/python2.7/site-packages/PyInstaller/loader/pyi_archive.py imports=[('imp', 0, 0, -1), ('sys', 0, 0, -1), ('marshal', 0, 0, -1), ('os', 1, 1, -1), ('struct', 0, 0, -1), ('imp', 1, 0, -1)] binaries=[] datas=[]>
_emx_link: None -> None
  DEL _emx_link
_emx_link: None -> None
  DEL _emx_link
_subprocess: None -> None
  DEL _subprocess
_subprocess: None -> None
  DEL _subprocess
_subprocess: None -> None
  DEL _subprocess
_subprocess: None -> None
  DEL _subprocess
_subprocess: None -> None
  DEL _subprocess
msvcrt: None -> None
  DEL msvcrt
_subprocess: None -> None
  DEL _subprocess
_subprocess: None -> None
  DEL _subprocess
_subprocess: None -> None
  DEL _subprocess
_subprocess: None -> None
  DEL _subprocess
org: None -> None
  DEL org
org: None -> None
  DEL org
_sha256: None -> None
  DEL _sha256
_sha512: None -> None
  DEL _sha512
_sha: None -> None
  DEL _sha
_md5: None -> None
  DEL _md5
org: None -> None
  DEL org
org: None -> None
  DEL org
nt: None -> None
  DEL nt
nt: None -> None
  DEL nt
nt: None -> None
  DEL nt
__main__: <PyScript '__main__' /home/bjorn/anaconda/envs/seguid/lib/python2.7/site-packages/PyInstaller/loader/pyi_archive.py imports=[('imp', 0, 0, -1), ('sys', 0, 0, -1), ('marshal', 0, 0, -1), ('os', 1, 1, -1), ('struct', 0, 0, -1), ('imp', 1, 0, -1)] binaries=[] datas=[]> -> <PyScript '__main__' /home/bjorn/anaconda/envs/seguid/lib/python2.7/site-packages/PyInstaller/loader/pyi_carchive.py imports=[('zlib', 0, 0, -1), ('os.path', 1, 0, -1), ('pyi_archive', 0, 0, -1), ('sys', 0, 0, -1), ('struct', 0, 0, -1)] binaries=[] datas=[]>
_emx_link: None -> None
  DEL _emx_link
_emx_link: None -> None
  DEL _emx_link
_subprocess: None -> None
  DEL _subprocess
_subprocess: None -> None
  DEL _subprocess
_subprocess: None -> None
  DEL _subprocess
_subprocess: None -> None
  DEL _subprocess
_subprocess: None -> None
  DEL _subprocess
msvcrt: None -> None
  DEL msvcrt
_subprocess: None -> None
  DEL _subprocess
_subprocess: None -> None
  DEL _subprocess
_subprocess: None -> None
  DEL _subprocess
_subprocess: None -> None
  DEL _subprocess
org: None -> None
  DEL org
org: None -> None
  DEL org
_sha256: None -> None
  DEL _sha256
_sha512: None -> None
  DEL _sha512
_sha: None -> None
  DEL _sha
_md5: None -> None
  DEL _md5
org: None -> None
  DEL org
org: None -> None
  DEL org
nt: None -> None
  DEL nt
nt: None -> None
  DEL nt
nt: None -> None
  DEL nt
__main__: <PyScript '__main__' /home/bjorn/anaconda/envs/seguid/lib/python2.7/site-packages/PyInstaller/loader/pyi_carchive.py imports=[('zlib', 0, 0, -1), ('os.path', 1, 0, -1), ('pyi_archive', 0, 0, -1), ('sys', 0, 0, -1), ('struct', 0, 0, -1)] binaries=[] datas=[]> -> <PyScript '__main__' /home/bjorn/anaconda/envs/seguid/lib/python2.7/site-packages/PyInstaller/loader/pyi_os_path.py imports=[('sys', 0, 0, -1), ('posix.environ', 0, 1, -1), ('nt.listdir', 0, 1, -1), ('nt.environ', 0, 1, -1), ('posix', 0, 1, -1), ('posix.listdir', 0, 1, -1), ('nt', 0, 1, -1)] binaries=[] datas=[]>
nt: None -> None
  DEL nt
nt: None -> None
  DEL nt
nt: None -> None
  DEL nt
__main__: <PyScript '__main__' /home/bjorn/anaconda/envs/seguid/lib/python2.7/site-packages/PyInstaller/loader/pyi_os_path.py imports=[('sys', 0, 0, -1), ('posix.environ', 0, 1, -1), ('nt.listdir', 0, 1, -1), ('nt.environ', 0, 1, -1), ('posix', 0, 1, -1), ('posix.listdir', 0, 1, -1), ('nt', 0, 1, -1)] binaries=[] datas=[]> -> <PyScript '__main__' ./seguid_calculator/seguid.py imports=[('hashlib', 1, 0, -1), ('wx', 0, 0, -1), ('calc_icon_file', 0, 0, -1), ('string', 0, 0, -1), ('base64', 1, 0, -1)] binaries=[] datas=[]>
wx: None -> <PkgModule 'wx' /home/bjorn/anaconda/envs/seguid/lib/python2.7/site-packages/wx-3.0-gtk2/wx/__init__.pyc imports=[('__version__', 0, 0, -1), ('wx._core', 0, 0, -1), ('wx._core.*', 0, 0, -1)] binaries=[] datas=[]>
calc_icon_file: None -> <PyModule 'calc_icon_file' /home/bjorn/python_packages/seguid_calculator/seguid_calculator/calc_icon_file.pyc imports=[('wx.lib.embeddedimage.PyEmbeddedImage', 0, 0, -1), ('wx.lib.embeddedimage', 0, 0, -1)] binaries=[] datas=[]>
_sha256: None -> None
  DEL _sha256
_sha512: None -> None
  DEL _sha512
_sha: None -> None
  DEL _sha
_md5: None -> None
  DEL _md5
_emx_link: None -> None
  DEL _emx_link
_emx_link: None -> None
  DEL _emx_link
_subprocess: None -> None
  DEL _subprocess
_subprocess: None -> None
  DEL _subprocess
_subprocess: None -> None
  DEL _subprocess
_subprocess: None -> None
  DEL _subprocess
_subprocess: None -> None
  DEL _subprocess
msvcrt: None -> None
  DEL msvcrt
_subprocess: None -> None
  DEL _subprocess
_subprocess: None -> None
  DEL _subprocess
_subprocess: None -> None
  DEL _subprocess
_subprocess: None -> None
  DEL _subprocess
org: None -> None
  DEL org
org: None -> None
  DEL org
org: None -> None
  DEL org
org: None -> None
  DEL org
nt: None -> None
  DEL nt
nt: None -> None
  DEL nt
nt: None -> None
  DEL nt
wx.__version__: None -> <PyModule 'wx.__version__' /home/bjorn/anaconda/envs/seguid/lib/python2.7/site-packages/wx-3.0-gtk2/wx/__version__.pyc imports=[] binaries=[] datas=[]>
wx.wx: None -> None
wx._core: None -> <PyModule 'wx._core' /home/bjorn/anaconda/envs/seguid/lib/python2.7/site-packages/wx-3.0-gtk2/wx/_core.pyc imports=[('__version__.*', 0, 0, -1), ('warnings', 0, 0, -1), ('locale', 0, 1, -1), ('types', 1, 0, -1), ('sys', 0, 0, -1), ('_controls', 0, 0, -1), ('_windows', 0, 0, -1), ('_windows.*', 0, 0, -1), ('_misc.*', 0, 0, -1), ('warnings', 1, 0, -1), ('signal', 1, 1, -1), ('_gdi', 0, 0, -1), ('atexit', 0, 0, -1), ('_controls.*', 0, 0, -1), ('types', 0, 0, -1), ('__version__', 0, 0, -1), ('_misc', 0, 0, -1), ('warnings', 0, 1, -1), ('_core_', 0, 0, -1), ('codecs', 0, 1, -1), ('new', 0, 0, -1), ('_gdi.*', 0, 0, -1)] binaries=[] datas=[]>
wx.warnings: None -> None
wx.locale: None -> None
wx.types: None -> None
wx.sys: None -> None
wx._controls: None -> <PyModule 'wx._controls' /home/bjorn/anaconda/envs/seguid/lib/python2.7/site-packages/wx-3.0-gtk2/wx/_controls.pyc imports=[('new', 0, 0, -1), ('_controls_', 0, 0, -1), ('_core', 0, 0, -1), ('types', 0, 0, -1)] binaries=[] datas=[]>
wx._windows: None -> <PyModule 'wx._windows' /home/bjorn/anaconda/envs/seguid/lib/python2.7/site-packages/wx-3.0-gtk2/wx/_windows.pyc imports=[('_windows_', 0, 0, -1), ('new', 0, 0, -1), ('_core', 0, 0, -1), ('types', 0, 0, -1)] binaries=[] datas=[]>
wx._misc: None -> <PyModule 'wx._misc' /home/bjorn/anaconda/envs/seguid/lib/python2.7/site-packages/wx-3.0-gtk2/wx/_misc.pyc imports=[('new', 0, 0, -1), ('_core', 0, 0, -1), ('_misc_', 0, 0, -1), ('types', 0, 0, -1)] binaries=[] datas=[]>
wx.signal: None -> None
wx._gdi: None -> <PyModule 'wx._gdi' /home/bjorn/anaconda/envs/seguid/lib/python2.7/site-packages/wx-3.0-gtk2/wx/_gdi.pyc imports=[('_gdi_', 0, 0, -1), ('types', 0, 0, -1), ('os', 0, 0, -1), ('new', 0, 0, -1), ('_core', 0, 0, -1), ('wx', 1, 0, -1)] binaries=[] datas=[]>
wx.atexit: None -> None
wx._core_: None -> <ExtensionModule 'wx._core_' /home/bjorn/anaconda/envs/seguid/lib/python2.7/site-packages/wx-3.0-gtk2/wx/_core_.so imports=[] binaries=[] datas=[]>
wx.codecs: None -> None
wx.new: None -> None
new: None -> <PyModule 'new' /home/bjorn/anaconda/envs/seguid/lib/python2.7/new.pyc imports=[('types.CodeType', 0, 0, -1), ('types.MethodType', 0, 0, -1), ('types', 0, 0, -1), ('types.InstanceType', 0, 0, -1), ('warnings', 0, 0, -1), ('types.FunctionType', 0, 0, -1), ('types.ModuleType', 0, 0, -1), ('warnings.warnpy3k', 0, 0, -1), ('types.ClassType', 0, 0, -1)] binaries=[] datas=[]>
wx._controls_: None -> <ExtensionModule 'wx._controls_' /home/bjorn/anaconda/envs/seguid/lib/python2.7/site-packages/wx-3.0-gtk2/wx/_controls_.so imports=[] binaries=[] datas=[]>
wx._windows_: None -> <ExtensionModule 'wx._windows_' /home/bjorn/anaconda/envs/seguid/lib/python2.7/site-packages/wx-3.0-gtk2/wx/_windows_.so imports=[] binaries=[] datas=[]>
wx._misc_: None -> <ExtensionModule 'wx._misc_' /home/bjorn/anaconda/envs/seguid/lib/python2.7/site-packages/wx-3.0-gtk2/wx/_misc_.so imports=[] binaries=[] datas=[]>
wx._gdi_: None -> <ExtensionModule 'wx._gdi_' /home/bjorn/anaconda/envs/seguid/lib/python2.7/site-packages/wx-3.0-gtk2/wx/_gdi_.so imports=[] binaries=[] datas=[]>
wx.os: None -> None
wx.lib: None -> <PkgModule 'wx.lib' /home/bjorn/anaconda/envs/seguid/lib/python2.7/site-packages/wx-3.0-gtk2/wx/lib/__init__.pyc imports=[] binaries=[] datas=[]>
wx.lib.embeddedimage: None -> <PyModule 'wx.lib.embeddedimage' /home/bjorn/anaconda/envs/seguid/lib/python2.7/site-packages/wx-3.0-gtk2/wx/lib/embeddedimage.pyc imports=[('base64', 0, 0, -1), ('cStringIO', 0, 0, -1), ('wx', 0, 0, -1)] binaries=[] datas=[]>
wx.lib.base64: None -> None
wx.lib.cStringIO: None -> None
wx.lib.wx: None -> None
